This is XeTeX, Version 3.14159265-2.6-0.99998 (TeX Live 2017) (preloaded format=xelatex 2017.9.15)  19 SEP 2017 19:47
entering extended mode
 \write18 enabled.
 %&-line parsing enabled.
**main.tex
(./main.tex
LaTeX2e <2017-04-15>
Babel <3.10> and hyphenation patterns for 84 language(s) loaded.
(/usr/local/texlive/2017/texmf-dist/tex/latex/base/article.cls
Document Class: article 2014/09/29 v1.4h Standard LaTeX document class
(/usr/local/texlive/2017/texmf-dist/tex/latex/base/size10.clo
File: size10.clo 2014/09/29 v1.4h Standard LaTeX file (size option)
)
\c@part=\count79
\c@section=\count80
\c@subsection=\count81
\c@subsubsection=\count82
\c@paragraph=\count83
\c@subparagraph=\count84
\c@figure=\count85
\c@table=\count86
\abovecaptionskip=\skip41
\belowcaptionskip=\skip42
\bibindent=\dimen102
)
(/usr/local/texlive/2017/texmf-dist/tex/latex/listings/listings.sty
(/usr/local/texlive/2017/texmf-dist/tex/latex/graphics/keyval.sty
Package: keyval 2014/10/28 v1.15 key=value parser (DPC)
\KV@toks@=\toks14
)
\lst@mode=\count87
\lst@gtempboxa=\box26
\lst@token=\toks15
\lst@length=\count88
\lst@currlwidth=\dimen103
\lst@column=\count89
\lst@pos=\count90
\lst@lostspace=\dimen104
\lst@width=\dimen105
\lst@newlines=\count91
\lst@lineno=\count92
\lst@maxwidth=\dimen106

(/usr/local/texlive/2017/texmf-dist/tex/latex/listings/lstmisc.sty
File: lstmisc.sty 2015/06/04 1.6 (Carsten Heinz)
\c@lstnumber=\count93
\lst@skipnumbers=\count94
\lst@framebox=\box27
)
(/usr/local/texlive/2017/texmf-dist/tex/latex/listings/listings.cfg
File: listings.cfg 2015/06/04 1.6 listings configuration
))
Package: listings 2015/06/04 1.6 (Carsten Heinz)

(/usr/local/texlive/2017/texmf-dist/tex/latex/graphics/color.sty
Package: color 2016/07/10 v1.1e Standard LaTeX Color (DPC)

(/usr/local/texlive/2017/texmf-dist/tex/latex/graphics-cfg/color.cfg
File: color.cfg 2016/01/02 v1.6 sample color configuration
)
Package color Info: Driver file: xetex.def on input line 147.

(/usr/local/texlive/2017/texmf-dist/tex/latex/graphics-def/xetex.def
File: xetex.def 2016/07/11 v4.10 LaTeX color/graphics driver for XeTeX (L3/RRM/
JK)
))
(/usr/local/texlive/2017/texmf-dist/tex/latex/fontspec/fontspec.sty
(/usr/local/texlive/2017/texmf-dist/tex/latex/l3kernel/expl3.sty
Package: expl3 2017/05/13 L3 programming layer (loader) 

(/usr/local/texlive/2017/texmf-dist/tex/latex/l3kernel/expl3-code.tex
Package: expl3 2017/05/13 L3 programming layer (code)
\c_max_int=\count95
\l_tmpa_int=\count96
\l_tmpb_int=\count97
\g_tmpa_int=\count98
\g_tmpb_int=\count99
\g__prg_map_int=\count100
\c_log_iow=\count101
\l_iow_line_count_int=\count102
\l__iow_line_target_int=\count103
\l__iow_one_indent_int=\count104
\l__iow_indent_int=\count105
\c_zero_dim=\dimen107
\c_max_dim=\dimen108
\l_tmpa_dim=\dimen109
\l_tmpb_dim=\dimen110
\g_tmpa_dim=\dimen111
\g_tmpb_dim=\dimen112
\c_zero_skip=\skip43
\c_max_skip=\skip44
\l_tmpa_skip=\skip45
\l_tmpb_skip=\skip46
\g_tmpa_skip=\skip47
\g_tmpb_skip=\skip48
\c_zero_muskip=\muskip10
\c_max_muskip=\muskip11
\l_tmpa_muskip=\muskip12
\l_tmpb_muskip=\muskip13
\g_tmpa_muskip=\muskip14
\g_tmpb_muskip=\muskip15
\l_keys_choice_int=\count106
\c__fp_leading_shift_int=\count107
\c__fp_middle_shift_int=\count108
\c__fp_trailing_shift_int=\count109
\c__fp_big_leading_shift_int=\count110
\c__fp_big_middle_shift_int=\count111
\c__fp_big_trailing_shift_int=\count112
\c__fp_Bigg_leading_shift_int=\count113
\c__fp_Bigg_middle_shift_int=\count114
\c__fp_Bigg_trailing_shift_int=\count115
\l__sort_length_int=\count116
\l__sort_min_int=\count117
\l__sort_top_int=\count118
\l__sort_max_int=\count119
\l__sort_true_max_int=\count120
\l__sort_block_int=\count121
\l__sort_begin_int=\count122
\l__sort_end_int=\count123
\l__sort_A_int=\count124
\l__sort_B_int=\count125
\l__sort_C_int=\count126
\c_empty_box=\box28
\l_tmpa_box=\box29
\l_tmpb_box=\box30
\g_tmpa_box=\box31
\g_tmpb_box=\box32
\l__box_top_dim=\dimen113
\l__box_bottom_dim=\dimen114
\l__box_left_dim=\dimen115
\l__box_right_dim=\dimen116
\l__box_top_new_dim=\dimen117
\l__box_bottom_new_dim=\dimen118
\l__box_left_new_dim=\dimen119
\l__box_right_new_dim=\dimen120
\l__box_internal_box=\box33
\l__coffin_internal_box=\box34
\l__coffin_internal_dim=\dimen121
\l__coffin_offset_x_dim=\dimen122
\l__coffin_offset_y_dim=\dimen123
\l__coffin_x_dim=\dimen124
\l__coffin_y_dim=\dimen125
\l__coffin_x_prime_dim=\dimen126
\l__coffin_y_prime_dim=\dimen127
\c_empty_coffin=\box35
\l__coffin_aligned_coffin=\box36
\l__coffin_aligned_internal_coffin=\box37
\l_tmpa_coffin=\box38
\l_tmpb_coffin=\box39
\l__coffin_display_coffin=\box40
\l__coffin_display_coord_coffin=\box41
\l__coffin_display_pole_coffin=\box42
\l__coffin_display_offset_dim=\dimen128
\l__coffin_display_x_dim=\dimen129
\l__coffin_display_y_dim=\dimen130
\l__coffin_bounding_shift_dim=\dimen131
\l__coffin_left_corner_dim=\dimen132
\l__coffin_right_corner_dim=\dimen133
\l__coffin_bottom_corner_dim=\dimen134
\l__coffin_top_corner_dim=\dimen135
\l__coffin_scaled_total_height_dim=\dimen136
\l__coffin_scaled_width_dim=\dimen137
)
(/usr/local/texlive/2017/texmf-dist/tex/latex/l3kernel/l3xdvipdfmx.def
File: l3xdvidpfmx.def 2017/03/18 v L3 Experimental driver: xdvipdfmx
\l__driver_tmp_box=\box43
))
(/usr/local/texlive/2017/texmf-dist/tex/latex/l3packages/xparse/xparse.sty
Package: xparse 2017/05/13 L3 Experimental document command parser
\l__xparse_current_arg_int=\count127
\g__xparse_grabber_int=\count128
\l__xparse_m_args_int=\count129
\l__xparse_mandatory_args_int=\count130
\l__xparse_v_nesting_int=\count131
)
Package: fontspec 2017/03/31 v2.6a Font selection for XeLaTeX and LuaLaTeX

(/usr/local/texlive/2017/texmf-dist/tex/latex/fontspec/fontspec-xetex.sty
Package: fontspec-xetex 2017/03/31 v2.6a Font selection for XeLaTeX and LuaLaTe
X
\l__fontspec_script_int=\count132
\l__fontspec_language_int=\count133
\l__fontspec_strnum_int=\count134
\l__fontspec_tmp_int=\count135
\l__fontspec_em_int=\count136
\l__fontspec_emdef_int=\count137
\l__fontspec_strong_int=\count138
\l__fontspec_strongdef_int=\count139
\l__fontspec_tmpa_dim=\dimen138
\l__fontspec_tmpb_dim=\dimen139
\l__fontspec_tmpc_dim=\dimen140
\g__file_internal_ior=\read1

(/usr/local/texlive/2017/texmf-dist/tex/latex/base/fontenc.sty
Package: fontenc 2017/04/05 v2.0i Standard LaTeX package

(/usr/local/texlive/2017/texmf-dist/tex/latex/base/tuenc.def
File: tuenc.def 2017/04/05 v2.0i Standard LaTeX file
LaTeX Font Info:    Redeclaring font encoding TU on input line 82.
))
.................................................
. LaTeX info: "xparse/define-command"
. 
. Defining command \fontspec with sig. 'O{}mO{}' on line 472.
.................................................
.................................................
. LaTeX info: "xparse/define-command"
. 
. Defining command \setmainfont with sig. 'O{}mO{}' on line 483.
.................................................
.................................................
. LaTeX info: "xparse/define-command"
. 
. Defining command \setsansfont with sig. 'O{}mO{}' on line 503.
.................................................
.................................................
. LaTeX info: "xparse/define-command"
. 
. Defining command \setmonofont with sig. 'O{}mO{}' on line 523.
.................................................
.................................................
. LaTeX info: "xparse/define-command"
. 
. Defining command \setromanfont with sig. 'O{}mO{}' on line 543.
.................................................
.................................................
. LaTeX info: "xparse/define-command"
. 
. Defining command \setmathrm with sig. 'O{}mO{}' on line 547.
.................................................
.................................................
. LaTeX info: "xparse/define-command"
. 
. Defining command \setboldmathrm with sig. 'O{}mO{}' on line 555.
.................................................
.................................................
. LaTeX info: "xparse/define-command"
. 
. Defining command \setmathsf with sig. 'O{}mO{}' on line 563.
.................................................
.................................................
. LaTeX info: "xparse/define-command"
. 
. Defining command \setmathtt with sig. 'O{}mO{}' on line 571.
.................................................
.................................................
. LaTeX info: "xparse/define-command"
. 
. Defining command \newfontfamily with sig. 'mO{}mO{}' on line 586.
.................................................
.................................................
. LaTeX info: "xparse/define-command"
. 
. Defining command \newfontface with sig. 'mO{}mO{}' on line 603.
.................................................
.................................................
. LaTeX info: "xparse/define-command"
. 
. Defining command \defaultfontfeatures with sig. 't+om' on line 614.
.................................................
.................................................
. LaTeX info: "xparse/define-command"
. 
. Defining command \addfontfeatures with sig. 'm' on line 645.
.................................................
.................................................
. LaTeX info: "xparse/define-command"
. 
. Defining command \newfontfeature with sig. 'mm' on line 672.
.................................................
.................................................
. LaTeX info: "xparse/define-command"
. 
. Defining command \newAATfeature with sig. 'mmmm' on line 686.
.................................................
.................................................
. LaTeX info: "xparse/define-command"
. 
. Defining command \newopentypefeature with sig. 'mmm' on line 700.
.................................................
.................................................
. LaTeX info: "xparse/define-command"
. 
. Defining command \newICUfeature with sig. 'mmm' on line 720.
.................................................
.................................................
. LaTeX info: "xparse/define-command"
. 
. Defining command \aliasfontfeature with sig. 'mm' on line 724.
.................................................
.................................................
. LaTeX info: "xparse/define-command"
. 
. Defining command \aliasfontfeatureoption with sig. 'mmm' on line 745.
.................................................
.................................................
. LaTeX info: "xparse/define-command"
. 
. Defining command \newfontscript with sig. 'mm' on line 778.
.................................................
.................................................
. LaTeX info: "xparse/define-command"
. 
. Defining command \newfontlanguage with sig. 'mm' on line 782.
.................................................
.................................................
. LaTeX info: "xparse/define-command"
. 
. Defining command \DeclareFontsExtensions with sig. 'm' on line 786.
.................................................
.................................................
. LaTeX info: "xparse/define-command"
. 
. Defining command \IfFontFeatureActiveTF with sig. 'mmm' on line 797.
.................................................
.................................................
. LaTeX info: "xparse/define-command"
. 
. Defining command \EncodingCommand with sig. 'mO{}m' on line 3438.
.................................................
.................................................
. LaTeX info: "xparse/define-command"
. 
. Defining command \EncodingAccent with sig. 'mm' on line 3444.
.................................................
.................................................
. LaTeX info: "xparse/define-command"
. 
. Defining command \EncodingSymbol with sig. 'mm' on line 3450.
.................................................
.................................................
. LaTeX info: "xparse/define-command"
. 
. Defining command \EncodingComposite with sig. 'mmm' on line 3456.
.................................................
.................................................
. LaTeX info: "xparse/define-command"
. 
. Defining command \EncodingCompositeCommand with sig. 'mmm' on line 3462.
.................................................
.................................................
. LaTeX info: "xparse/define-command"
. 
. Defining command \DeclareUnicodeEncoding with sig. 'mm' on line 3487.
.................................................
.................................................
. LaTeX info: "xparse/define-command"
. 
. Defining command \UndeclareSymbol with sig. 'm' on line 3493.
.................................................
.................................................
. LaTeX info: "xparse/define-command"
. 
. Defining command \UndeclareComposite with sig. 'mm' on line 3501.
.................................................

(/usr/local/texlive/2017/texmf-dist/tex/latex/fontspec/fontspec.cfg)
LaTeX Info: Redefining \itshape on input line 3686.
LaTeX Info: Redefining \slshape on input line 3691.
LaTeX Info: Redefining \scshape on input line 3696.
LaTeX Info: Redefining \upshape on input line 3701.
LaTeX Info: Redefining \em on input line 3731.
LaTeX Info: Redefining \emph on input line 3756.
LaTeX Info: Redefining \- on input line 3807.
.................................................
. LaTeX info: "xparse/redefine-command"
. 
. Redefining command \oldstylenums with sig. 'm' on line 3902.
.................................................
.................................................
. LaTeX info: "xparse/define-command"
. 
. Defining command \liningnums with sig. 'm' on line 3906.
.................................................
))
(/usr/local/texlive/2017/texmf-dist/tex/latex/minted/minted.sty
Package: minted 2016/10/31 v2.4.1 Yet another Pygments shim for LaTeX

(/usr/local/texlive/2017/texmf-dist/tex/latex/oberdiek/kvoptions.sty
Package: kvoptions 2016/05/16 v3.12 Key value format for package options (HO)

(/usr/local/texlive/2017/texmf-dist/tex/generic/oberdiek/ltxcmds.sty
Package: ltxcmds 2016/05/16 v1.23 LaTeX kernel commands for general use (HO)
)
(/usr/local/texlive/2017/texmf-dist/tex/generic/oberdiek/kvsetkeys.sty
Package: kvsetkeys 2016/05/16 v1.17 Key value parser (HO)

(/usr/local/texlive/2017/texmf-dist/tex/generic/oberdiek/infwarerr.sty
Package: infwarerr 2016/05/16 v1.4 Providing info/warning/error messages (HO)
)
(/usr/local/texlive/2017/texmf-dist/tex/generic/oberdiek/etexcmds.sty
Package: etexcmds 2016/05/16 v1.6 Avoid name clashes with e-TeX commands (HO)

(/usr/local/texlive/2017/texmf-dist/tex/generic/oberdiek/ifluatex.sty
Package: ifluatex 2016/05/16 v1.4 Provides the ifluatex switch (HO)
Package ifluatex Info: LuaTeX not detected.
)
Package etexcmds Info: Could not find \expanded.
(etexcmds)             That can mean that you are not using pdfTeX 1.50 or
(etexcmds)             that some package has redefined \expanded.
(etexcmds)             In the latter case, load this package earlier.
)))
(/usr/local/texlive/2017/texmf-dist/tex/latex/fvextra/fvextra.sty
Package: fvextra 2016/09/02 v1.2.1 fvextra - extensions and patches for fancyvr
b

(/usr/local/texlive/2017/texmf-dist/tex/latex/base/ifthen.sty
Package: ifthen 2014/09/29 v1.1c Standard LaTeX ifthen package (DPC)
)
(/usr/local/texlive/2017/texmf-dist/tex/latex/etoolbox/etoolbox.sty
Package: etoolbox 2017/01/02 v2.4 e-TeX tools for LaTeX (JAW)
\etb@tempcnta=\count140
)
(/usr/local/texlive/2017/texmf-dist/tex/latex/fancyvrb/fancyvrb.sty
Package: fancyvrb 2008/02/07

Style option: `fancyvrb' v2.7a, with DG/SPQR fixes, and firstline=lastline fix 
<2008/02/07> (tvz)
\FV@CodeLineNo=\count141
\FV@InFile=\read2
\FV@TabBox=\box44
\c@FancyVerbLine=\count142
\FV@StepNumber=\count143
\FV@OutFile=\write3
)
(/usr/local/texlive/2017/texmf-dist/tex/latex/upquote/upquote.sty
Package: upquote 2012/04/19 v1.3 upright-quote and grave-accent glyphs in verba
tim

(/usr/local/texlive/2017/texmf-dist/tex/latex/base/textcomp.sty
Package: textcomp 2017/04/05 v2.0i Standard LaTeX package
Package textcomp Info: Sub-encoding information:
(textcomp)               5 = only ISO-Adobe without \textcurrency
(textcomp)               4 = 5 + \texteuro
(textcomp)               3 = 4 + \textohm
(textcomp)               2 = 3 + \textestimated + \textcurrency
(textcomp)               1 = TS1 - \textcircled - \t
(textcomp)               0 = TS1 (full)
(textcomp)             Font families with sub-encoding setting implement
(textcomp)             only a restricted character set as indicated.
(textcomp)             Family '?' is the default used for unknown fonts.
(textcomp)             See the documentation for details.
Package textcomp Info: Setting ? sub-encoding to TS1/1 on input line 79.

(/usr/local/texlive/2017/texmf-dist/tex/latex/base/ts1enc.def
File: ts1enc.def 2001/06/05 v3.0e (jk/car/fm) Standard LaTeX file
)
LaTeX Info: Redefining \oldstylenums on input line 334.
Package textcomp Info: Setting cmr sub-encoding to TS1/0 on input line 349.
Package textcomp Info: Setting cmss sub-encoding to TS1/0 on input line 350.
Package textcomp Info: Setting cmtt sub-encoding to TS1/0 on input line 351.
Package textcomp Info: Setting cmvtt sub-encoding to TS1/0 on input line 352.
Package textcomp Info: Setting cmbr sub-encoding to TS1/0 on input line 353.
Package textcomp Info: Setting cmtl sub-encoding to TS1/0 on input line 354.
Package textcomp Info: Setting ccr sub-encoding to TS1/0 on input line 355.
Package textcomp Info: Setting ptm sub-encoding to TS1/4 on input line 356.
Package textcomp Info: Setting pcr sub-encoding to TS1/4 on input line 357.
Package textcomp Info: Setting phv sub-encoding to TS1/4 on input line 358.
Package textcomp Info: Setting ppl sub-encoding to TS1/3 on input line 359.
Package textcomp Info: Setting pag sub-encoding to TS1/4 on input line 360.
Package textcomp Info: Setting pbk sub-encoding to TS1/4 on input line 361.
Package textcomp Info: Setting pnc sub-encoding to TS1/4 on input line 362.
Package textcomp Info: Setting pzc sub-encoding to TS1/4 on input line 363.
Package textcomp Info: Setting bch sub-encoding to TS1/4 on input line 364.
Package textcomp Info: Setting put sub-encoding to TS1/5 on input line 365.
Package textcomp Info: Setting uag sub-encoding to TS1/5 on input line 366.
Package textcomp Info: Setting ugq sub-encoding to TS1/5 on input line 367.
Package textcomp Info: Setting ul8 sub-encoding to TS1/4 on input line 368.
Package textcomp Info: Setting ul9 sub-encoding to TS1/4 on input line 369.
Package textcomp Info: Setting augie sub-encoding to TS1/5 on input line 370.
Package textcomp Info: Setting dayrom sub-encoding to TS1/3 on input line 371.
Package textcomp Info: Setting dayroms sub-encoding to TS1/3 on input line 372.

Package textcomp Info: Setting pxr sub-encoding to TS1/0 on input line 373.
Package textcomp Info: Setting pxss sub-encoding to TS1/0 on input line 374.
Package textcomp Info: Setting pxtt sub-encoding to TS1/0 on input line 375.
Package textcomp Info: Setting txr sub-encoding to TS1/0 on input line 376.
Package textcomp Info: Setting txss sub-encoding to TS1/0 on input line 377.
Package textcomp Info: Setting txtt sub-encoding to TS1/0 on input line 378.
Package textcomp Info: Setting lmr sub-encoding to TS1/0 on input line 379.
Package textcomp Info: Setting lmdh sub-encoding to TS1/0 on input line 380.
Package textcomp Info: Setting lmss sub-encoding to TS1/0 on input line 381.
Package textcomp Info: Setting lmssq sub-encoding to TS1/0 on input line 382.
Package textcomp Info: Setting lmvtt sub-encoding to TS1/0 on input line 383.
Package textcomp Info: Setting lmtt sub-encoding to TS1/0 on input line 384.
Package textcomp Info: Setting qhv sub-encoding to TS1/0 on input line 385.
Package textcomp Info: Setting qag sub-encoding to TS1/0 on input line 386.
Package textcomp Info: Setting qbk sub-encoding to TS1/0 on input line 387.
Package textcomp Info: Setting qcr sub-encoding to TS1/0 on input line 388.
Package textcomp Info: Setting qcs sub-encoding to TS1/0 on input line 389.
Package textcomp Info: Setting qpl sub-encoding to TS1/0 on input line 390.
Package textcomp Info: Setting qtm sub-encoding to TS1/0 on input line 391.
Package textcomp Info: Setting qzc sub-encoding to TS1/0 on input line 392.
Package textcomp Info: Setting qhvc sub-encoding to TS1/0 on input line 393.
Package textcomp Info: Setting futs sub-encoding to TS1/4 on input line 394.
Package textcomp Info: Setting futx sub-encoding to TS1/4 on input line 395.
Package textcomp Info: Setting futj sub-encoding to TS1/4 on input line 396.
Package textcomp Info: Setting hlh sub-encoding to TS1/3 on input line 397.
Package textcomp Info: Setting hls sub-encoding to TS1/3 on input line 398.
Package textcomp Info: Setting hlst sub-encoding to TS1/3 on input line 399.
Package textcomp Info: Setting hlct sub-encoding to TS1/5 on input line 400.
Package textcomp Info: Setting hlx sub-encoding to TS1/5 on input line 401.
Package textcomp Info: Setting hlce sub-encoding to TS1/5 on input line 402.
Package textcomp Info: Setting hlcn sub-encoding to TS1/5 on input line 403.
Package textcomp Info: Setting hlcw sub-encoding to TS1/5 on input line 404.
Package textcomp Info: Setting hlcf sub-encoding to TS1/5 on input line 405.
Package textcomp Info: Setting pplx sub-encoding to TS1/3 on input line 406.
Package textcomp Info: Setting pplj sub-encoding to TS1/3 on input line 407.
Package textcomp Info: Setting ptmx sub-encoding to TS1/4 on input line 408.
Package textcomp Info: Setting ptmj sub-encoding to TS1/4 on input line 409.
))
(/usr/local/texlive/2017/texmf-dist/tex/latex/lineno/lineno.sty
Package: lineno 2005/11/02 line numbers on paragraphs v4.41
Invalid UTF-8 byte or sequence at line 296 replaced by U+FFFD.
\linenopenalty=\count144
\output=\toks16
\linenoprevgraf=\count145
\linenumbersep=\dimen141
\linenumberwidth=\dimen142
\c@linenumber=\count146
\c@pagewiselinenumber=\count147
\c@LN@truepage=\count148
\c@internallinenumber=\count149
\c@internallinenumbers=\count150
\quotelinenumbersep=\dimen143
\bframerule=\dimen144
\bframesep=\dimen145
\bframebox=\box45
LaTeX Info: Redefining \\ on input line 3056.
)
\c@FV@TrueTabGroupLevel=\count151
\c@FV@TrueTabCounter=\count152
\FV@TabBox@Group=\box46
\FV@TmpLength=\skip49
\c@FV@HighlightLinesStart=\count153
\c@FV@HighlightLinesStop=\count154
\FV@BreakIndent=\dimen146
\FV@BreakSymbolSepLeft=\dimen147
\FV@BreakSymbolSepRight=\dimen148
\FV@BreakSymbolIndentLeft=\dimen149
\FV@BreakSymbolIndentRight=\dimen150
\c@FancyVerbLineBreakLast=\count155
\FV@LineBox=\box47
\FV@LineIndentBox=\box48
)
(/usr/local/texlive/2017/texmf-dist/tex/latex/float/float.sty
Package: float 2001/11/08 v1.3d Float enhancements (AL)
\c@float@type=\count156
\float@exts=\toks17
\float@box=\box49
\@float@everytoks=\toks18
\@floatcapt=\box50
)
(/usr/local/texlive/2017/texmf-dist/tex/latex/tools/calc.sty
Package: calc 2014/10/28 v4.3 Infix arithmetic (KKT,FJ)
\calc@Acount=\count157
\calc@Bcount=\count158
\calc@Adimen=\dimen151
\calc@Bdimen=\dimen152
\calc@Askip=\skip50
\calc@Bskip=\skip51
LaTeX Info: Redefining \setlength on input line 80.
LaTeX Info: Redefining \addtolength on input line 81.
\calc@Ccount=\count159
\calc@Cskip=\skip52
)
(/usr/local/texlive/2017/texmf-dist/tex/latex/tools/shellesc.sty
Package: shellesc 2016/06/07 v0.02a unified shell escape interface for LaTeX
Package shellesc Info: Unrestricted shell escape enabled on input line 67.
)
(/usr/local/texlive/2017/texmf-dist/tex/latex/ifplatform/ifplatform.sty
Package: ifplatform 2010/10/22 v0.4 Testing for the operating system

(/usr/local/texlive/2017/texmf-dist/tex/generic/oberdiek/pdftexcmds.sty
Package: pdftexcmds 2017/03/19 v0.25 Utility functions of pdfTeX for LuaTeX (HO
)

(/usr/local/texlive/2017/texmf-dist/tex/generic/oberdiek/ifpdf.sty
Package: ifpdf 2017/03/15 v3.2 Provides the ifpdf switch
)
Package pdftexcmds Info: LuaTeX not detected.
Package pdftexcmds Info: pdfTeX >= 1.30 not detected.
Package pdftexcmds Info: \pdf@primitive is available.
Package pdftexcmds Info: \pdf@ifprimitive is available.
Package pdftexcmds Info: \pdfdraftmode not found.
)
(/usr/local/texlive/2017/texmf-dist/tex/generic/oberdiek/catchfile.sty
Package: catchfile 2016/05/16 v1.7 Catch the contents of a file (HO)
)
runsystem(uname -s > "main.w18")...executed.


(./main.w18)
runsystem(rm -- "main.w18")...executed.

)
(/usr/local/texlive/2017/texmf-dist/tex/generic/xstring/xstring.sty
(/usr/local/texlive/2017/texmf-dist/tex/generic/xstring/xstring.tex
\@xs@message=\write4
\integerpart=\count160
\decimalpart=\count161
)
Package: xstring 2013/10/13  v1.7c  String manipulations (C Tellechea)
)
(/usr/local/texlive/2017/texmf-dist/tex/latex/framed/framed.sty
Package: framed 2011/10/22 v 0.96: framed or shaded text with page breaks
\OuterFrameSep=\skip53
\fb@frw=\dimen153
\fb@frh=\dimen154
\FrameRule=\dimen155
\FrameSep=\dimen156
)
\minted@appexistsfile=\read3
\minted@bgbox=\box51
\minted@code=\write5
\c@minted@FancyVerbLineTemp=\count162
\c@minted@pygmentizecounter=\count163
\@float@every@listing=\toks19
\c@listing=\count164
)
runsystem(mkdir -p _minted-main)...executed.


(/usr/local/texlive/2017/texmf-dist/tex/latex/setspace/setspace.sty
Package: setspace 2011/12/19 v6.7a set line spacing
)
(/usr/local/texlive/2017/texmf-dist/tex/latex/titlesec/titlesec.sty
Package: titlesec 2016/03/21 v2.10.2 Sectioning titles
\ttl@box=\box52
\beforetitleunit=\skip54
\aftertitleunit=\skip55
\ttl@plus=\dimen157
\ttl@minus=\dimen158
\ttl@toksa=\toks20
\titlewidth=\dimen159
\titlewidthlast=\dimen160
\titlewidthfirst=\dimen161
)
(/usr/local/texlive/2017/texmf-dist/tex/latex/fancyhdr/fancyhdr.sty
Package: fancyhdr 2016/09/06 3.8 Extensive control of page headers and footers
\fancy@headwidth=\skip56
\f@ncyO@elh=\skip57
\f@ncyO@erh=\skip58
\f@ncyO@olh=\skip59
\f@ncyO@orh=\skip60
\f@ncyO@elf=\skip61
\f@ncyO@erf=\skip62
\f@ncyO@olf=\skip63
\f@ncyO@orf=\skip64
)
(/usr/local/texlive/2017/texmf-dist/tex/latex/dingbat/dingbat.sty
Package: dingbat 2001/04/27 v1.00 Hands and other dingbats
)
(/usr/local/texlive/2017/texmf-dist/tex/latex/mdframed/mdframed.sty
Package: mdframed 2013/07/01 1.9b: mdframed

(/usr/local/texlive/2017/texmf-dist/tex/latex/oberdiek/zref-abspage.sty
Package: zref-abspage 2016/05/21 v2.26 Module abspage for zref (HO)

(/usr/local/texlive/2017/texmf-dist/tex/latex/oberdiek/zref-base.sty
Package: zref-base 2016/05/21 v2.26 Module base for zref (HO)

(/usr/local/texlive/2017/texmf-dist/tex/generic/oberdiek/kvdefinekeys.sty
Package: kvdefinekeys 2016/05/16 v1.4 Define keys (HO)
)
(/usr/local/texlive/2017/texmf-dist/tex/latex/oberdiek/auxhook.sty
Package: auxhook 2016/05/16 v1.4 Hooks for auxiliary files (HO)
)
Package zref Info: New property list: main on input line 759.
Package zref Info: New property: default on input line 760.
Package zref Info: New property: page on input line 761.
)
(/usr/local/texlive/2017/texmf-dist/tex/generic/oberdiek/atbegshi.sty
Package: atbegshi 2016/06/09 v1.18 At begin shipout hook (HO)
)
\c@abspage=\count165
Package zref Info: New property: abspage on input line 62.
)
(/usr/local/texlive/2017/texmf-dist/tex/latex/needspace/needspace.sty
Package: needspace 2010/09/12 v1.3d reserve vertical space
)
\mdf@templength=\skip65
\c@mdf@globalstyle@cnt=\count166
\mdf@skipabove@length=\skip66
\mdf@skipbelow@length=\skip67
\mdf@leftmargin@length=\skip68
\mdf@rightmargin@length=\skip69
\mdf@innerleftmargin@length=\skip70
\mdf@innerrightmargin@length=\skip71
\mdf@innertopmargin@length=\skip72
\mdf@innerbottommargin@length=\skip73
\mdf@splittopskip@length=\skip74
\mdf@splitbottomskip@length=\skip75
\mdf@outermargin@length=\skip76
\mdf@innermargin@length=\skip77
\mdf@linewidth@length=\skip78
\mdf@innerlinewidth@length=\skip79
\mdf@middlelinewidth@length=\skip80
\mdf@outerlinewidth@length=\skip81
\mdf@roundcorner@length=\skip82
\mdf@footenotedistance@length=\skip83
\mdf@userdefinedwidth@length=\skip84
\mdf@needspace@length=\skip85
\mdf@frametitleaboveskip@length=\skip86
\mdf@frametitlebelowskip@length=\skip87
\mdf@frametitlerulewidth@length=\skip88
\mdf@frametitleleftmargin@length=\skip89
\mdf@frametitlerightmargin@length=\skip90
\mdf@shadowsize@length=\skip91
\mdf@extratopheight@length=\skip92
\mdf@subtitleabovelinewidth@length=\skip93
\mdf@subtitlebelowlinewidth@length=\skip94
\mdf@subtitleaboveskip@length=\skip95
\mdf@subtitlebelowskip@length=\skip96
\mdf@subtitleinneraboveskip@length=\skip97
\mdf@subtitleinnerbelowskip@length=\skip98
\mdf@subsubtitleabovelinewidth@length=\skip99
\mdf@subsubtitlebelowlinewidth@length=\skip100
\mdf@subsubtitleaboveskip@length=\skip101
\mdf@subsubtitlebelowskip@length=\skip102
\mdf@subsubtitleinneraboveskip@length=\skip103
\mdf@subsubtitleinnerbelowskip@length=\skip104

(/usr/local/texlive/2017/texmf-dist/tex/latex/mdframed/md-frame-0.mdf
File: md-frame-0.mdf 2013/07/01\ 1.9b: md-frame-0
)
\mdf@frametitlebox=\box53
\mdf@footnotebox=\box54
\mdf@splitbox@one=\box55
\mdf@splitbox@two=\box56
\mdf@splitbox@save=\box57
\mdfsplitboxwidth=\skip105
\mdfsplitboxtotalwidth=\skip106
\mdfsplitboxheight=\skip107
\mdfsplitboxdepth=\skip108
\mdfsplitboxtotalheight=\skip109
\mdfframetitleboxwidth=\skip110
\mdfframetitleboxtotalwidth=\skip111
\mdfframetitleboxheight=\skip112
\mdfframetitleboxdepth=\skip113
\mdfframetitleboxtotalheight=\skip114
\mdffootnoteboxwidth=\skip115
\mdffootnoteboxtotalwidth=\skip116
\mdffootnoteboxheight=\skip117
\mdffootnoteboxdepth=\skip118
\mdffootnoteboxtotalheight=\skip119
\mdftotallinewidth=\skip120
\mdfboundingboxwidth=\skip121
\mdfboundingboxtotalwidth=\skip122
\mdfboundingboxheight=\skip123
\mdfboundingboxdepth=\skip124
\mdfboundingboxtotalheight=\skip125
\mdf@freevspace@length=\skip126
\mdf@horizontalwidthofbox@length=\skip127
\mdf@verticalmarginwhole@length=\skip128
\mdf@horizontalspaceofbox=\skip129
\mdfsubtitleheight=\skip130
\mdfsubsubtitleheight=\skip131
\c@mdfcountframes=\count167

****** mdframed patching \endmdf@trivlist

****** -- success******

.................................................
. LaTeX info: "xparse/define-command"
. 
. Defining command \newmdtheoremenv with sig. 'O{} m o m o ' on line 601.
.................................................
.................................................
. LaTeX info: "xparse/define-command"
. 
. Defining command \mdtheorem with sig. ' O{} m o m o ' on line 701.
.................................................
\mdf@envdepth=\count168
\c@mdf@env@i=\count169
\c@mdf@env@ii=\count170
\c@mdf@zref@counter=\count171
Package zref Info: New property: mdf@pagevalue on input line 895.
)
(/usr/local/texlive/2017/texmf-dist/tex/latex/tools/multicol.sty
Package: multicol 2017/04/11 v1.8q multicolumn formatting (FMi)
\c@tracingmulticols=\count172
\mult@box=\box58
\multicol@leftmargin=\dimen162
\c@unbalance=\count173
\c@collectmore=\count174
\doublecol@number=\count175
\multicoltolerance=\count176
\multicolpretolerance=\count177
\full@width=\dimen163
\page@free=\dimen164
\premulticols=\dimen165
\postmulticols=\dimen166
\multicolsep=\skip132
\multicolbaselineskip=\skip133
\partial@page=\box59
\last@line=\box60
\maxbalancingoverflow=\dimen167
\mult@rightbox=\box61
\mult@grightbox=\box62
\mult@gfirstbox=\box63
\mult@firstbox=\box64
\@tempa=\box65
\@tempa=\box66
\@tempa=\box67
\@tempa=\box68
\@tempa=\box69
\@tempa=\box70
\@tempa=\box71
\@tempa=\box72
\@tempa=\box73
\@tempa=\box74
\@tempa=\box75
\@tempa=\box76
\@tempa=\box77
\@tempa=\box78
\@tempa=\box79
\@tempa=\box80
\@tempa=\box81
\c@columnbadness=\count178
\c@finalcolumnbadness=\count179
\last@try=\dimen168
\multicolovershoot=\dimen169
\multicolundershoot=\dimen170
\mult@nat@firstbox=\box82
\colbreak@box=\box83
\mc@col@check@num=\count180
)
(/usr/local/texlive/2017/texmf-dist/tex/latex/graphics/graphicx.sty
Package: graphicx 2014/10/28 v1.0g Enhanced LaTeX Graphics (DPC,SPQR)

(/usr/local/texlive/2017/texmf-dist/tex/latex/graphics/graphics.sty
Package: graphics 2017/04/14 v1.1b Standard LaTeX Graphics (DPC,SPQR)

(/usr/local/texlive/2017/texmf-dist/tex/latex/graphics/trig.sty
Package: trig 2016/01/03 v1.10 sin cos tan (DPC)
)
(/usr/local/texlive/2017/texmf-dist/tex/latex/graphics-cfg/graphics.cfg
File: graphics.cfg 2016/06/04 v1.11 sample graphics configuration
)
Package graphics Info: Driver file: xetex.def on input line 99.
)
\Gin@req@height=\dimen171
\Gin@req@width=\dimen172
)
(/usr/local/texlive/2017/texmf-dist/tex/latex/amsfonts/amssymb.sty
Package: amssymb 2013/01/14 v3.01 AMS font symbols

(/usr/local/texlive/2017/texmf-dist/tex/latex/amsfonts/amsfonts.sty
Package: amsfonts 2013/01/14 v3.01 Basic AMSFonts support
\@emptytoks=\toks21
\symAMSa=\mathgroup4
\symAMSb=\mathgroup5
LaTeX Font Info:    Overwriting math alphabet `\mathfrak' in version `bold'
(Font)                  U/euf/m/n --> U/euf/b/n on input line 106.
))
(/usr/local/texlive/2017/texmf-dist/tex/latex/amsmath/amsmath.sty
Package: amsmath 2016/11/05 v2.16a AMS math features
\@mathmargin=\skip134

For additional information on amsmath, use the `?' option.
(/usr/local/texlive/2017/texmf-dist/tex/latex/amsmath/amstext.sty
Package: amstext 2000/06/29 v2.01 AMS text

(/usr/local/texlive/2017/texmf-dist/tex/latex/amsmath/amsgen.sty
File: amsgen.sty 1999/11/30 v2.0 generic functions
\@emptytoks=\toks22
\ex@=\dimen173
))
(/usr/local/texlive/2017/texmf-dist/tex/latex/amsmath/amsbsy.sty
Package: amsbsy 1999/11/29 v1.2d Bold Symbols
\pmbraise@=\dimen174
)
(/usr/local/texlive/2017/texmf-dist/tex/latex/amsmath/amsopn.sty
Package: amsopn 2016/03/08 v2.02 operator names
)
\inf@bad=\count181
LaTeX Info: Redefining \frac on input line 213.
\uproot@=\count182
\leftroot@=\count183
LaTeX Info: Redefining \overline on input line 375.
\classnum@=\count184
\DOTSCASE@=\count185
LaTeX Info: Redefining \ldots on input line 472.
LaTeX Info: Redefining \dots on input line 475.
LaTeX Info: Redefining \cdots on input line 596.
\Mathstrutbox@=\box84
\strutbox@=\box85
\big@size=\dimen175
LaTeX Font Info:    Redeclaring font encoding OML on input line 712.
LaTeX Font Info:    Redeclaring font encoding OMS on input line 713.
\macc@depth=\count186
\c@MaxMatrixCols=\count187
\dotsspace@=\muskip16
\c@parentequation=\count188
\dspbrk@lvl=\count189
\tag@help=\toks23
\row@=\count190
\column@=\count191
\maxfields@=\count192
\andhelp@=\toks24
\eqnshift@=\dimen176
\alignsep@=\dimen177
\tagshift@=\dimen178
\tagwidth@=\dimen179
\totwidth@=\dimen180
\lineht@=\dimen181
\@envbody=\toks25
\multlinegap=\skip135
\multlinetaggap=\skip136
\mathdisplay@stack=\toks26
LaTeX Info: Redefining \[ on input line 2817.
LaTeX Info: Redefining \] on input line 2818.
)
(/usr/local/texlive/2017/texmf-dist/tex/latex/booktabs/booktabs.sty
Package: booktabs 2016/04/27 v1.618033 publication quality tables
\heavyrulewidth=\dimen182
\lightrulewidth=\dimen183
\cmidrulewidth=\dimen184
\belowrulesep=\dimen185
\belowbottomsep=\dimen186
\aboverulesep=\dimen187
\abovetopsep=\dimen188
\cmidrulesep=\dimen189
\cmidrulekern=\dimen190
\defaultaddspace=\dimen191
\@cmidla=\count193
\@cmidlb=\count194
\@aboverulesep=\dimen192
\@belowrulesep=\dimen193
\@thisruleclass=\count195
\@lastruleclass=\count196
\@thisrulewidth=\dimen194
)
(/usr/local/texlive/2017/texmf-dist/tex/xelatex/ucharclasses/ucharclasses.sty
Package: ucharclasses 2016/04/25 v2.2.1 Unicode block character classes for XeL
aTeX

(/usr/local/texlive/2017/texmf-dist/tex/generic/ifxetex/ifxetex.sty
Package: ifxetex 2010/09/12 v0.6 Provides ifxetex conditional
)
\BopomofoClass=\XeTeXcharclass1
\BopomofoExtendedClass=\XeTeXcharclass2
\CJKCompatibilityClass=\XeTeXcharclass3
\CJKCompatibilityFormsClass=\XeTeXcharclass4
\CJKCompatibilityIdeographsClass=\XeTeXcharclass5
\CJKCompatibilityIdeographsSupplementClass=\XeTeXcharclass6
\CJKRadicalsSupplementClass=\XeTeXcharclass7
\CJKStrokesClass=\XeTeXcharclass8
\CJKSymbolsAndPunctuationClass=\XeTeXcharclass9
\CJKUnifiedIdeographsClass=\XeTeXcharclass10
\CJKUnifiedIdeographsExtensionAClass=\XeTeXcharclass11
\CJKUnifiedIdeographsExtensionBClass=\XeTeXcharclass12
\EnclosedCJKLettersAndMonthsClass=\XeTeXcharclass13
\IdeographicDescriptionCharactersClass=\XeTeXcharclass14
\KangxiRadicalsClass=\XeTeXcharclass15
\CJKUnifiedIdeographsExtensionCClass=\XeTeXcharclass16
\EnclosedIdeographicSupplementClass=\XeTeXcharclass17
\CJKUnifiedIdeographsExtensionDClass=\XeTeXcharclass18
\CJKUnifiedIdeographsExtensionEClass=\XeTeXcharclass19
)
(/usr/local/texlive/2017/texmf-dist/tex/latex/geometry/geometry.sty
Package: geometry 2010/09/12 v5.6 Page Geometry

(/usr/local/texlive/2017/texmf-dist/tex/generic/oberdiek/ifvtex.sty
Package: ifvtex 2016/05/16 v1.6 Detect VTeX and its facilities (HO)
Package ifvtex Info: VTeX not detected.
)
\Gm@cnth=\count197
\Gm@cntv=\count198
\c@Gm@tempcnt=\count199
\Gm@bindingoffset=\dimen195
\Gm@wd@mp=\dimen196
\Gm@odd@mp=\dimen197
\Gm@even@mp=\dimen198
\Gm@layoutwidth=\dimen199
\Gm@layoutheight=\dimen256
\Gm@layouthoffset=\dimen257
\Gm@layoutvoffset=\dimen258
\Gm@dimlist=\toks27
)
.................................................
. fontspec info: "no-scripts"
. 
. Font "Isotype" does not contain any OpenType `Script' information.
.................................................
\g__fontspec_family_Isotype_int=\count266
.................................................
. fontspec info: "no-font-shape"
. 
. Could not resolve font "Isotype/BI" (it probably doesn't exist).
.................................................
.................................................
. fontspec info: "no-font-shape"
. 
. Could not resolve font "Isotype/B" (it probably doesn't exist).
.................................................
.................................................
. fontspec info: "no-font-shape"
. 
. Could not resolve font "Isotype/I" (it probably doesn't exist).
.................................................
.................................................
. fontspec info: "defining-font"
. 
. Font family 'Isotype(0)' created for font 'Isotype' with options
. [WordSpace={1,0,0},HyphenChar=None,PunctuationSpace=WordSpace,Scale=0.8].
.  
.  This font family consists of the following NFSS series/shapes:
.  
. - 'normal' (m/n) with NFSS spec.: <->s*[0.8]"Isotype/AAT"
. - 'small caps'  (m/sc) with NFSS spec.: 
. and font adjustment code:
. \fontdimen 2\font =1\fontdimen 2\font \fontdimen 3\font =0\fontdimen 3\font
. \fontdimen 4\font =0\fontdimen 4\font \fontdimen 7\font =0\fontdimen 2\font
. \hyphenchar \font =\c_minus_one 
.................................................
LaTeX Info: Redefining \ttfamily on input line 17.
.................................................
. fontspec info: "no-scripts"
. 
. Font "SimHei" does not contain any OpenType `Script' information.
.................................................
\g__fontspec_family_SimHei_int=\count267
.................................................
. fontspec info: "no-font-shape"
. 
. Could not resolve font "SimHei/BI" (it probably doesn't exist).
.................................................
.................................................
. fontspec info: "no-font-shape"
. 
. Could not resolve font "SimHei/B" (it probably doesn't exist).
.................................................
.................................................
. fontspec info: "no-font-shape"
. 
. Could not resolve font "SimHei/I" (it probably doesn't exist).
.................................................
.................................................
. fontspec info: "defining-font"
. 
. Font family 'SimHei(0)' created for font 'SimHei' with options [Scale=0.8].
.  
.  This font family consists of the following NFSS series/shapes:
.  
. - 'normal' (m/n) with NFSS spec.: <->s*[0.8]"SimHei/OT"
. - 'small caps'  (m/sc) with NFSS spec.: 
.................................................
runsystem(which pygmentize && touch main.aex)...executed.

runsystem(rm main.aex)...executed.


(./main.aux)
\openout1 = `main.aux'.

LaTeX Font Info:    Checking defaults for OML/cmm/m/it on input line 104.
LaTeX Font Info:    ... okay on input line 104.
LaTeX Font Info:    Checking defaults for T1/cmr/m/n on input line 104.
LaTeX Font Info:    ... okay on input line 104.
LaTeX Font Info:    Checking defaults for OT1/cmr/m/n on input line 104.
LaTeX Font Info:    ... okay on input line 104.
LaTeX Font Info:    Checking defaults for OMS/cmsy/m/n on input line 104.
LaTeX Font Info:    ... okay on input line 104.
LaTeX Font Info:    Checking defaults for TU/lmr/m/n on input line 104.
LaTeX Font Info:    ... okay on input line 104.
LaTeX Font Info:    Checking defaults for OMX/cmex/m/n on input line 104.
LaTeX Font Info:    ... okay on input line 104.
LaTeX Font Info:    Checking defaults for U/cmr/m/n on input line 104.
LaTeX Font Info:    ... okay on input line 104.
LaTeX Font Info:    Checking defaults for TS1/cmr/m/n on input line 104.
LaTeX Font Info:    Try loading font information for TS1+cmr on input line 104.

 (/usr/local/texlive/2017/texmf-dist/tex/latex/base/ts1cmr.fd
File: ts1cmr.fd 2014/09/29 v2.5h Standard LaTeX font definitions
)
LaTeX Font Info:    ... okay on input line 104.
\c@lstlisting=\count268
.................................................
. fontspec info: "setup-math"
. 
. Adjusting the maths setup (use [no-math] to avoid this).
.................................................
\symlegacymaths=\mathgroup6
LaTeX Font Info:    Overwriting symbol font `legacymaths' in version `bold'
(Font)                  OT1/cmr/m/n --> OT1/cmr/bx/n on input line 104.
LaTeX Font Info:    Redeclaring math accent \acute on input line 104.
LaTeX Font Info:    Redeclaring math accent \grave on input line 104.
LaTeX Font Info:    Redeclaring math accent \ddot on input line 104.
LaTeX Font Info:    Redeclaring math accent \tilde on input line 104.
LaTeX Font Info:    Redeclaring math accent \bar on input line 104.
LaTeX Font Info:    Redeclaring math accent \breve on input line 104.
LaTeX Font Info:    Redeclaring math accent \check on input line 104.
LaTeX Font Info:    Redeclaring math accent \hat on input line 104.
LaTeX Font Info:    Redeclaring math accent \dot on input line 104.
LaTeX Font Info:    Redeclaring math accent \mathring on input line 104.
LaTeX Font Info:    Redeclaring math symbol \Gamma on input line 104.
LaTeX Font Info:    Redeclaring math symbol \Delta on input line 104.
LaTeX Font Info:    Redeclaring math symbol \Theta on input line 104.
LaTeX Font Info:    Redeclaring math symbol \Lambda on input line 104.
LaTeX Font Info:    Redeclaring math symbol \Xi on input line 104.
LaTeX Font Info:    Redeclaring math symbol \Pi on input line 104.
LaTeX Font Info:    Redeclaring math symbol \Sigma on input line 104.
LaTeX Font Info:    Redeclaring math symbol \Upsilon on input line 104.
LaTeX Font Info:    Redeclaring math symbol \Phi on input line 104.
LaTeX Font Info:    Redeclaring math symbol \Psi on input line 104.
LaTeX Font Info:    Redeclaring math symbol \Omega on input line 104.
LaTeX Font Info:    Redeclaring math symbol \mathdollar on input line 104.
LaTeX Font Info:    Redeclaring symbol font `operators' on input line 104.
LaTeX Font Info:    Encoding `OT1' has changed to `TU' for symbol font
(Font)              `operators' in the math version `normal' on input line 104.

LaTeX Font Info:    Overwriting symbol font `operators' in version `normal'
(Font)                  OT1/cmr/m/n --> TU/lmr/m/n on input line 104.
LaTeX Font Info:    Encoding `OT1' has changed to `TU' for symbol font
(Font)              `operators' in the math version `bold' on input line 104.
LaTeX Font Info:    Overwriting symbol font `operators' in version `bold'
(Font)                  OT1/cmr/bx/n --> TU/lmr/m/n on input line 104.
LaTeX Font Info:    Overwriting symbol font `operators' in version `normal'
(Font)                  TU/lmr/m/n --> TU/lmr/m/n on input line 104.
LaTeX Font Info:    Overwriting math alphabet `\mathit' in version `normal'
(Font)                  OT1/cmr/m/it --> TU/lmr/m/it on input line 104.
LaTeX Font Info:    Overwriting math alphabet `\mathbf' in version `normal'
(Font)                  OT1/cmr/bx/n --> TU/lmr/bx/n on input line 104.
LaTeX Font Info:    Overwriting math alphabet `\mathsf' in version `normal'
(Font)                  OT1/cmss/m/n --> TU/lmss/m/n on input line 104.
LaTeX Font Info:    Overwriting math alphabet `\mathtt' in version `normal'
(Font)                  OT1/cmtt/m/n --> TU/Isotype(0)/m/n on input line 104.
LaTeX Font Info:    Overwriting symbol font `operators' in version `bold'
(Font)                  TU/lmr/m/n --> TU/lmr/bx/n on input line 104.
LaTeX Font Info:    Overwriting math alphabet `\mathit' in version `bold'
(Font)                  OT1/cmr/bx/it --> TU/lmr/bx/it on input line 104.
LaTeX Font Info:    Overwriting math alphabet `\mathsf' in version `bold'
(Font)                  OT1/cmss/bx/n --> TU/lmss/bx/n on input line 104.
LaTeX Font Info:    Overwriting math alphabet `\mathtt' in version `bold'
(Font)                  OT1/cmtt/m/n --> TU/Isotype(0)/bx/n on input line 104.
\AtBeginShipoutBox=\box86

*geometry* driver: auto-detecting
*geometry* detected driver: xetex
*geometry* verbose mode - [ preamble ] result:
* driver: xetex
* paper: a4paper
* layout: <same size as paper>
* layoutoffset:(h,v)=(0.0pt,0.0pt)
* modes: landscape 
* h-part:(L,W,R)=(42.67912pt, 782.45088pt, 19.91684pt)
* v-part:(T,H,B)=(48.36958pt, 549.13829pt, 0.0pt)
* \paperwidth=845.04684pt
* \paperheight=597.50787pt
* \textwidth=782.45088pt
* \textheight=549.13829pt
* \oddsidemargin=-29.59087pt
* \evensidemargin=-29.59087pt
* \topmargin=-60.9004pt
* \headheight=12.0pt
* \headsep=2.84544pt
* \topskip=10.0pt
* \footskip=30.0pt
* \marginparwidth=144.0pt
* \marginparsep=11.0pt
* \columnsep=30.0pt
* \skip\footins=9.0pt plus 4.0pt minus 2.0pt
* \hoffset=0.0pt
* \voffset=0.0pt
* \mag=1000
* \@twocolumnfalse
* \@twosidefalse
* \@mparswitchfalse
* \@reversemarginfalse
* (1in=72.27pt=25.4mm, 1cm=28.453pt)

LaTeX Font Info:    Try loading font information for U+msa on input line 105.
(/usr/local/texlive/2017/texmf-dist/tex/latex/amsfonts/umsa.fd
File: umsa.fd 2013/01/14 v3.01 AMS symbols A
)
LaTeX Font Info:    Try loading font information for U+msb on input line 105.

(/usr/local/texlive/2017/texmf-dist/tex/latex/amsfonts/umsb.fd
File: umsb.fd 2013/01/14 v3.01 AMS symbols B
)

LaTeX Warning: No \author given.

[1

] (./main.toc

LaTeX Font Warning: Font shape `TU/SimHei(0)/bx/n' undefined
(Font)              using `TU/SimHei(0)/m/n' instead on input line 1.

LaTeX Font Info:    Font shape `TU/SimHei(0)/m/n' will be
(Font)              scaled to size 8.00003pt on input line 1.
LaTeX Font Info:    Font shape `TU/SimHei(0)/bx/n' will be
(Font)              scaled to size 8.00003pt on input line 9.
)
\tf@toc=\write6
\openout6 = `main.toc'.

 [1]
LaTeX Font Info:    Font shape `TU/SimHei(0)/m/n' will be
(Font)              scaled to size 9.60004pt on input line 119.
LaTeX Font Info:    Font shape `TU/SimHei(0)/bx/n' will be
(Font)              scaled to size 9.60004pt on input line 121.
runsystem(pygmentize -S default -f latex -P commandprefix=PYG > _minted-main/de
fault-pyg-prefix.pygstyle)...executed.

 (./_minted-main/default-pyg-prefix.pygstyle)
runsystem(pygmentize -S xcode -f latex -P commandprefix=PYGxcode > _minted-main
/xcode.pygstyle)...executed.


(./_minted-main/xcode.pygstyle)
runsystem(python -c "import sys; import os; import textwrap; from io import ope
n; f = open(os.path.expanduser(os.path.expandvars(\"merge/Geo2D.cpp\")), \"r\",
 encoding=\"UTF8\"); t = f.readlines(); f.close(); f = open(os.path.expanduser(
os.path.expandvars(\"main.pyg\")), \"w\", encoding=\"UTF8\"); fvstartnum = 0; f
vstopnum = 0; s = fvstartnum-1 if fvstartnum != 0 else 0; e = fvstopnum if fvst
opnum != 0 else len(t); [f.write(textwrap.dedent(\"\".join(x))) for x in (t[0:s
], t[s:e], t[e:]) if x]; f.close();")...executed.

runsystem(pygmentize -l cpp -f latex -P commandprefix=PYG -F tokenmerge -P math
escape=True -o _minted-main/AA7930F6C978EC2AFD2887ED3E4BD6F6364FE131EAF292715EE
F0B63283C77E1.pygtex main.pyg)...executed.


(./_minted-main/AA7930F6C978EC2AFD2887ED3E4BD6F6364FE131EAF292715EEF0B63283C77E
1.pygtex
LaTeX Font Info:    Font shape `TU/Isotype(0)/m/n' will be
(Font)              scaled to size 8.00003pt on input line 1.
 [2]
LaTeX Font Info:    Font shape `TU/Isotype(0)/m/n' will be
(Font)              scaled to size 4.00002pt on input line 110.
)
runsystem(python -c "import sys; import os; import textwrap; from io import ope
n; f = open(os.path.expanduser(os.path.expandvars(\"merge/HalfPlaneIntersection
.cpp\")), \"r\", encoding=\"UTF8\"); t = f.readlines(); f.close(); f = open(os.
path.expanduser(os.path.expandvars(\"main.pyg\")), \"w\", encoding=\"UTF8\"); f
vstartnum = 0; fvstopnum = 0; s = fvstartnum-1 if fvstartnum != 0 else 0; e = f
vstopnum if fvstopnum != 0 else len(t); [f.write(textwrap.dedent(\"\".join(x)))
 for x in (t[0:s], t[s:e], t[e:]) if x]; f.close();")...executed.

runsystem(pygmentize -l cpp -f latex -P commandprefix=PYG -F tokenmerge -P math
escape=True -o _minted-main/81E951BBB1B11C0E69E9AC5362693B8C364FE131EAF292715EE
F0B63283C77E1.pygtex main.pyg)...executed.


(./_minted-main/81E951BBB1B11C0E69E9AC5362693B8C364FE131EAF292715EEF0B63283C77E
1.pygtex)
runsystem(python -c "import sys; import os; import textwrap; from io import ope
n; f = open(os.path.expanduser(os.path.expandvars(\"improve/Triangle.cpp\")), \
"r\", encoding=\"UTF8\"); t = f.readlines(); f.close(); f = open(os.path.expand
user(os.path.expandvars(\"main.pyg\")), \"w\", encoding=\"UTF8\"); fvstartnum =
 0; fvstopnum = 0; s = fvstartnum-1 if fvstartnum != 0 else 0; e = fvstopnum if
 fvstopnum != 0 else len(t); [f.write(textwrap.dedent(\"\".join(x))) for x in (
t[0:s], t[s:e], t[e:]) if x]; f.close();")...executed.

runsystem(pygmentize -l cpp -f latex -P commandprefix=PYG -F tokenmerge -P math
escape=True -o _minted-main/2E66A7A846E72AD45D0FA668E6BAC50A364FE131EAF292715EE
F0B63283C77E1.pygtex main.pyg)...executed.


(./_minted-main/2E66A7A846E72AD45D0FA668E6BAC50A364FE131EAF292715EEF0B63283C77E
1.pygtex [3])
runsystem(python -c "import sys; import os; import textwrap; from io import ope
n; f = open(os.path.expanduser(os.path.expandvars(\"merge/areaCT.cpp\")), \"r\"
, encoding=\"UTF8\"); t = f.readlines(); f.close(); f = open(os.path.expanduser
(os.path.expandvars(\"main.pyg\")), \"w\", encoding=\"UTF8\"); fvstartnum = 0; 
fvstopnum = 0; s = fvstartnum-1 if fvstartnum != 0 else 0; e = fvstopnum if fvs
topnum != 0 else len(t); [f.write(textwrap.dedent(\"\".join(x))) for x in (t[0:
s], t[s:e], t[e:]) if x]; f.close();")...executed.

runsystem(pygmentize -l cpp -f latex -P commandprefix=PYG -F tokenmerge -P math
escape=True -o _minted-main/2EDA6536C35ECCAFF90447E01185D044364FE131EAF292715EE
F0B63283C77E1.pygtex main.pyg)...executed.


(./_minted-main/2EDA6536C35ECCAFF90447E01185D044364FE131EAF292715EEF0B63283C77E
1.pygtex)
runsystem(python -c "import sys; import os; import textwrap; from io import ope
n; f = open(os.path.expanduser(os.path.expandvars(\"merge/CircleArea.cpp\")), \
"r\", encoding=\"UTF8\"); t = f.readlines(); f.close(); f = open(os.path.expand
user(os.path.expandvars(\"main.pyg\")), \"w\", encoding=\"UTF8\"); fvstartnum =
 0; fvstopnum = 0; s = fvstartnum-1 if fvstartnum != 0 else 0; e = fvstopnum if
 fvstopnum != 0 else len(t); [f.write(textwrap.dedent(\"\".join(x))) for x in (
t[0:s], t[s:e], t[e:]) if x]; f.close();")...executed.

runsystem(pygmentize -l cpp -f latex -P commandprefix=PYG -F tokenmerge -P math
escape=True -o _minted-main/A92202E6874ECB7EFA7FA38D40BF152A364FE131EAF292715EE
F0B63283C77E1.pygtex main.pyg)...executed.


(./_minted-main/A92202E6874ECB7EFA7FA38D40BF152A364FE131EAF292715EEF0B63283C77E
1.pygtex [4])
runsystem(python -c "import sys; import os; import textwrap; from io import ope
n; f = open(os.path.expanduser(os.path.expandvars(\"improve/PlayWithConvex.cpp\
")), \"r\", encoding=\"UTF8\"); t = f.readlines(); f.close(); f = open(os.path.
expanduser(os.path.expandvars(\"main.pyg\")), \"w\", encoding=\"UTF8\"); fvstar
tnum = 0; fvstopnum = 0; s = fvstartnum-1 if fvstartnum != 0 else 0; e = fvstop
num if fvstopnum != 0 else len(t); [f.write(textwrap.dedent(\"\".join(x))) for 
x in (t[0:s], t[s:e], t[e:]) if x]; f.close();")...executed.

runsystem(pygmentize -l cpp -f latex -P commandprefix=PYG -F tokenmerge -P math
escape=True -o _minted-main/56BF26A71EC7BB3ECE6B6769D45FCBA0364FE131EAF292715EE
F0B63283C77E1.pygtex main.pyg)...executed.


(./_minted-main/56BF26A71EC7BB3ECE6B6769D45FCBA0364FE131EAF292715EEF0B63283C77E
1.pygtex [5])
runsystem(python -c "import sys; import os; import textwrap; from io import ope
n; f = open(os.path.expanduser(os.path.expandvars(\"improve/DelaunayTriangulati
on.cpp\")), \"r\", encoding=\"UTF8\"); t = f.readlines(); f.close(); f = open(o
s.path.expanduser(os.path.expandvars(\"main.pyg\")), \"w\", encoding=\"UTF8\");
 fvstartnum = 0; fvstopnum = 0; s = fvstartnum-1 if fvstartnum != 0 else 0; e =
 fvstopnum if fvstopnum != 0 else len(t); [f.write(textwrap.dedent(\"\".join(x)
)) for x in (t[0:s], t[s:e], t[e:]) if x]; f.close();")...executed.

runsystem(pygmentize -l cpp -f latex -P commandprefix=PYG -F tokenmerge -P math
escape=True -o _minted-main/16DEC58D11623574A25A4D4F8E303887364FE131EAF292715EE
F0B63283C77E1.pygtex main.pyg)...executed.


(./_minted-main/16DEC58D11623574A25A4D4F8E303887364FE131EAF292715EEF0B63283C77E
1.pygtex [6])
runsystem(python -c "import sys; import os; import textwrap; from io import ope
n; f = open(os.path.expanduser(os.path.expandvars(\"merge/3DGeo.cpp\")), \"r\",
 encoding=\"UTF8\"); t = f.readlines(); f.close(); f = open(os.path.expanduser(
os.path.expandvars(\"main.pyg\")), \"w\", encoding=\"UTF8\"); fvstartnum = 0; f
vstopnum = 0; s = fvstartnum-1 if fvstartnum != 0 else 0; e = fvstopnum if fvst
opnum != 0 else len(t); [f.write(textwrap.dedent(\"\".join(x))) for x in (t[0:s
], t[s:e], t[e:]) if x]; f.close();")...executed.

runsystem(pygmentize -l cpp -f latex -P commandprefix=PYG -F tokenmerge -P math
escape=True -o _minted-main/C5C57148C4EB9325FAF55BD47E40E494364FE131EAF292715EE
F0B63283C77E1.pygtex main.pyg)...executed.


(./_minted-main/C5C57148C4EB9325FAF55BD47E40E494364FE131EAF292715EEF0B63283C77E
1.pygtex [7])
runsystem(python -c "import sys; import os; import textwrap; from io import ope
n; f = open(os.path.expanduser(os.path.expandvars(\"src/.cpp\")), \"r\", en
coding=\"UTF8\"); t = f.readlines(); f.close(); f = open(os.path.expanduser(os.
path.expandvars(\"main.pyg\")), \"w\", encoding=\"UTF8\"); fvstartnum = 0; fvst
opnum = 0; s = fvstartnum-1 if fvstartnum != 0 else 0; e = fvstopnum if fvstopn
um != 0 else len(t); [f.write(textwrap.dedent(\"\".join(x))) for x in (t[0:s], 
t[s:e], t[e:]) if x]; f.close();")...executed.

runsystem(pygmentize -l cpp -f latex -P commandprefix=PYG -F tokenmerge -P math
escape=True -o _minted-main/73D5D249687F3CEBCCAE768BA9C6615E364FE131EAF292715EE
F0B63283C77E1.pygtex main.pyg)...executed.


(./_minted-main/73D5D249687F3CEBCCAE768BA9C6615E364FE131EAF292715EEF0B63283C77E
1.pygtex [8])
runsystem(python -c "import sys; import os; import textwrap; from io import ope
n; f = open(os.path.expanduser(os.path.expandvars(\"src/.cpp\")), \"r\", e
ncoding=\"UTF8\"); t = f.readlines(); f.close(); f = open(os.path.expanduser(os
.path.expandvars(\"main.pyg\")), \"w\", encoding=\"UTF8\"); fvstartnum = 0; fvs
topnum = 0; s = fvstartnum-1 if fvstartnum != 0 else 0; e = fvstopnum if fvstop
num != 0 else len(t); [f.write(textwrap.dedent(\"\".join(x))) for x in (t[0:s],
 t[s:e], t[e:]) if x]; f.close();")...executed.

runsystem(pygmentize -l cpp -f latex -P commandprefix=PYG -F tokenmerge -P math
escape=True -o _minted-main/34E896228781508E88239A336EEADC46364FE131EAF292715EE
F0B63283C77E1.pygtex main.pyg)...executed.


(./_minted-main/34E896228781508E88239A336EEADC46364FE131EAF292715EEF0B63283C77E
1.pygtex)
runsystem(python -c "import sys; import os; import textwrap; from io import ope
n; f = open(os.path.expanduser(os.path.expandvars(\"improve/Hungarian.cpp\")), 
\"r\", encoding=\"UTF8\"); t = f.readlines(); f.close(); f = open(os.path.expan
duser(os.path.expandvars(\"main.pyg\")), \"w\", encoding=\"UTF8\"); fvstartnum 
= 0; fvstopnum = 0; s = fvstartnum-1 if fvstartnum != 0 else 0; e = fvstopnum i
f fvstopnum != 0 else len(t); [f.write(textwrap.dedent(\"\".join(x))) for x in 
(t[0:s], t[s:e], t[e:]) if x]; f.close();")...executed.

runsystem(pygmentize -l cpp -f latex -P commandprefix=PYG -F tokenmerge -P math
escape=True -o _minted-main/C9AEEA30914BB80902FDF8C656AAA3E5364FE131EAF292715EE
F0B63283C77E1.pygtex main.pyg)...executed.


(./_minted-main/C9AEEA30914BB80902FDF8C656AAA3E5364FE131EAF292715EEF0B63283C77E
1.pygtex)
runsystem(python -c "import sys; import os; import textwrap; from io import ope
n; f = open(os.path.expanduser(os.path.expandvars(\"src/Hopcroft.cpp\")), \"r\"
, encoding=\"UTF8\"); t = f.readlines(); f.close(); f = open(os.path.expanduser
(os.path.expandvars(\"main.pyg\")), \"w\", encoding=\"UTF8\"); fvstartnum = 0; 
fvstopnum = 0; s = fvstartnum-1 if fvstartnum != 0 else 0; e = fvstopnum if fvs
topnum != 0 else len(t); [f.write(textwrap.dedent(\"\".join(x))) for x in (t[0:
s], t[s:e], t[e:]) if x]; f.close();")...executed.

runsystem(pygmentize -l cpp -f latex -P commandprefix=PYG -F tokenmerge -P math
escape=True -o _minted-main/111AADD01B54B03CE701521A6EBCD8EF364FE131EAF292715EE
F0B63283C77E1.pygtex main.pyg)...executed.


(./_minted-main/111AADD01B54B03CE701521A6EBCD8EF364FE131EAF292715EEF0B63283C77E
1.pygtex [9])
runsystem(python -c "import sys; import os; import textwrap; from io import ope
n; f = open(os.path.expanduser(os.path.expandvars(\"improve/MaximumClique.cpp\"
)), \"r\", encoding=\"UTF8\"); t = f.readlines(); f.close(); f = open(os.path.e
xpanduser(os.path.expandvars(\"main.pyg\")), \"w\", encoding=\"UTF8\"); fvstart
num = 0; fvstopnum = 0; s = fvstartnum-1 if fvstartnum != 0 else 0; e = fvstopn
um if fvstopnum != 0 else len(t); [f.write(textwrap.dedent(\"\".join(x))) for x
 in (t[0:s], t[s:e], t[e:]) if x]; f.close();")...executed.

runsystem(pygmentize -l cpp -f latex -P commandprefix=PYG -F tokenmerge -P math
escape=True -o _minted-main/AC86A1D98654DDEAB36883E9B239DDFE364FE131EAF292715EE
F0B63283C77E1.pygtex main.pyg)...executed.


(./_minted-main/AC86A1D98654DDEAB36883E9B239DDFE364FE131EAF292715EEF0B63283C77E
1.pygtex [10])
runsystem(python -c "import sys; import os; import textwrap; from io import ope
n; f = open(os.path.expanduser(os.path.expandvars(\"improve/LiuZhu.cpp\")), \"r
\", encoding=\"UTF8\"); t = f.readlines(); f.close(); f = open(os.path.expandus
er(os.path.expandvars(\"main.pyg\")), \"w\", encoding=\"UTF8\"); fvstartnum = 0
; fvstopnum = 0; s = fvstartnum-1 if fvstartnum != 0 else 0; e = fvstopnum if f
vstopnum != 0 else len(t); [f.write(textwrap.dedent(\"\".join(x))) for x in (t[
0:s], t[s:e], t[e:]) if x]; f.close();")...executed.

runsystem(pygmentize -l cpp -f latex -P commandprefix=PYG -F tokenmerge -P math
escape=True -o _minted-main/F15CF6C60B60111A93DB03C65B21DC5E364FE131EAF292715EE
F0B63283C77E1.pygtex main.pyg)...executed.


(./_minted-main/F15CF6C60B60111A93DB03C65B21DC5E364FE131EAF292715EEF0B63283C77E
1.pygtex)
runsystem(python -c "import sys; import os; import textwrap; from io import ope
n; f = open(os.path.expanduser(os.path.expandvars(\"src/.cpp\")), \"r\", enc
oding=\"UTF8\"); t = f.readlines(); f.close(); f = open(os.path.expanduser(os.p
ath.expandvars(\"main.pyg\")), \"w\", encoding=\"UTF8\"); fvstartnum = 0; fvsto
pnum = 0; s = fvstartnum-1 if fvstartnum != 0 else 0; e = fvstopnum if fvstopnu
m != 0 else len(t); [f.write(textwrap.dedent(\"\".join(x))) for x in (t[0:s], t
[s:e], t[e:]) if x]; f.close();")...executed.

runsystem(pygmentize -l cpp -f latex -P commandprefix=PYG -F tokenmerge -P math
escape=True -o _minted-main/7B5818375F13CE146A1000585A0AA96C364FE131EAF292715EE
F0B63283C77E1.pygtex main.pyg)...executed.


(./_minted-main/7B5818375F13CE146A1000585A0AA96C364FE131EAF292715EEF0B63283C77E
1.pygtex [11])
runsystem(python -c "import sys; import os; import textwrap; from io import ope
n; f = open(os.path.expanduser(os.path.expandvars(\"improve/DominatorTree.cpp\"
)), \"r\", encoding=\"UTF8\"); t = f.readlines(); f.close(); f = open(os.path.e
xpanduser(os.path.expandvars(\"main.pyg\")), \"w\", encoding=\"UTF8\"); fvstart
num = 0; fvstopnum = 0; s = fvstartnum-1 if fvstartnum != 0 else 0; e = fvstopn
um if fvstopnum != 0 else len(t); [f.write(textwrap.dedent(\"\".join(x))) for x
 in (t[0:s], t[s:e], t[e:]) if x]; f.close();")...executed.

runsystem(pygmentize -l cpp -f latex -P commandprefix=PYG -F tokenmerge -P math
escape=True -o _minted-main/EF5B9FE36095C42D26FCF52DE3D8DBB5364FE131EAF292715EE
F0B63283C77E1.pygtex main.pyg)...executed.


(./_minted-main/EF5B9FE36095C42D26FCF52DE3D8DBB5364FE131EAF292715EEF0B63283C77E
1.pygtex)
runsystem(python -c "import sys; import os; import textwrap; from io import ope
n; f = open(os.path.expanduser(os.path.expandvars(\"improve/MincostFlow.cpp\"))
, \"r\", encoding=\"UTF8\"); t = f.readlines(); f.close(); f = open(os.path.exp
anduser(os.path.expandvars(\"main.pyg\")), \"w\", encoding=\"UTF8\"); fvstartnu
m = 0; fvstopnum = 0; s = fvstartnum-1 if fvstartnum != 0 else 0; e = fvstopnum
 if fvstopnum != 0 else len(t); [f.write(textwrap.dedent(\"\".join(x))) for x i
n (t[0:s], t[s:e], t[e:]) if x]; f.close();")...executed.

runsystem(pygmentize -l cpp -f latex -P commandprefix=PYG -F tokenmerge -P math
escape=True -o _minted-main/B11C11C17F179A0B5BE22393C7325FAA364FE131EAF292715EE
F0B63283C77E1.pygtex main.pyg)...executed.


(./_minted-main/B11C11C17F179A0B5BE22393C7325FAA364FE131EAF292715EEF0B63283C77E
1.pygtex [12])
runsystem(python -c "import sys; import os; import textwrap; from io import ope
n; f = open(os.path.expanduser(os.path.expandvars(\"src/.cpp\")), \"r\", 
encoding=\"UTF8\"); t = f.readlines(); f.close(); f = open(os.path.expanduser(o
s.path.expandvars(\"main.pyg\")), \"w\", encoding=\"UTF8\"); fvstartnum = 0; fv
stopnum = 0; s = fvstartnum-1 if fvstartnum != 0 else 0; e = fvstopnum if fvsto
pnum != 0 else len(t); [f.write(textwrap.dedent(\"\".join(x))) for x in (t[0:s]
, t[s:e], t[e:]) if x]; f.close();")...executed.

runsystem(pygmentize -l cpp -f latex -P commandprefix=PYG -F tokenmerge -P math
escape=True -o _minted-main/AD8628759E2935FAF9F1042B16671D61364FE131EAF292715EE
F0B63283C77E1.pygtex main.pyg)...executed.


(./_minted-main/AD8628759E2935FAF9F1042B16671D61364FE131EAF292715EEF0B63283C77E
1.pygtex)
runsystem(python -c "import sys; import os; import textwrap; from io import ope
n; f = open(os.path.expanduser(os.path.expandvars(\"src/.cpp\")), \"r\", en
coding=\"UTF8\"); t = f.readlines(); f.close(); f = open(os.path.expanduser(os.
path.expandvars(\"main.pyg\")), \"w\", encoding=\"UTF8\"); fvstartnum = 0; fvst
opnum = 0; s = fvstartnum-1 if fvstartnum != 0 else 0; e = fvstopnum if fvstopn
um != 0 else len(t); [f.write(textwrap.dedent(\"\".join(x))) for x in (t[0:s], 
t[s:e], t[e:]) if x]; f.close();")...executed.

runsystem(pygmentize -l cpp -f latex -P commandprefix=PYG -F tokenmerge -P math
escape=True -o _minted-main/3DC4F203A538FD936DD2AF20E182716A364FE131EAF292715EE
F0B63283C77E1.pygtex main.pyg)...executed.


(./_minted-main/3DC4F203A538FD936DD2AF20E182716A364FE131EAF292715EEF0B63283C77E
1.pygtex [13])
runsystem(python -c "import sys; import os; import textwrap; from io import ope
n; f = open(os.path.expanduser(os.path.expandvars(\"src/.cpp\")), \"r\", e
ncoding=\"UTF8\"); t = f.readlines(); f.close(); f = open(os.path.expanduser(os
.path.expandvars(\"main.pyg\")), \"w\", encoding=\"UTF8\"); fvstartnum = 0; fvs
topnum = 0; s = fvstartnum-1 if fvstartnum != 0 else 0; e = fvstopnum if fvstop
num != 0 else len(t); [f.write(textwrap.dedent(\"\".join(x))) for x in (t[0:s],
 t[s:e], t[e:]) if x]; f.close();")...executed.

runsystem(pygmentize -l cpp -f latex -P commandprefix=PYG -F tokenmerge -P math
escape=True -o _minted-main/D17018D9C886B107EB7CADD7E4ECB841364FE131EAF292715EE
F0B63283C77E1.pygtex main.pyg)...executed.


(./_minted-main/D17018D9C886B107EB7CADD7E4ECB841364FE131EAF292715EEF0B63283C77E
1.pygtex)
runsystem(python -c "import sys; import os; import textwrap; from io import ope
n; f = open(os.path.expanduser(os.path.expandvars(\"src/.cpp\")), \"r\",
 encoding=\"UTF8\"); t = f.readlines(); f.close(); f = open(os.path.expanduser(
os.path.expandvars(\"main.pyg\")), \"w\", encoding=\"UTF8\"); fvstartnum = 0; f
vstopnum = 0; s = fvstartnum-1 if fvstartnum != 0 else 0; e = fvstopnum if fvst
opnum != 0 else len(t); [f.write(textwrap.dedent(\"\".join(x))) for x in (t[0:s
], t[s:e], t[e:]) if x]; f.close();")...executed.

runsystem(pygmentize -l cpp -f latex -P commandprefix=PYG -F tokenmerge -P math
escape=True -o _minted-main/DECB66A72E01C0DBAEFB7681DAE6604C364FE131EAF292715EE
F0B63283C77E1.pygtex main.pyg)...executed.


(./_minted-main/DECB66A72E01C0DBAEFB7681DAE6604C364FE131EAF292715EEF0B63283C77E
1.pygtex)
runsystem(python -c "import sys; import os; import textwrap; from io import ope
n; f = open(os.path.expanduser(os.path.expandvars(\"src/.cpp\")), \"r\", en
coding=\"UTF8\"); t = f.readlines(); f.close(); f = open(os.path.expanduser(os.
path.expandvars(\"main.pyg\")), \"w\", encoding=\"UTF8\"); fvstartnum = 0; fvst
opnum = 0; s = fvstartnum-1 if fvstartnum != 0 else 0; e = fvstopnum if fvstopn
um != 0 else len(t); [f.write(textwrap.dedent(\"\".join(x))) for x in (t[0:s], 
t[s:e], t[e:]) if x]; f.close();")...executed.

runsystem(pygmentize -l cpp -f latex -P commandprefix=PYG -F tokenmerge -P math
escape=True -o _minted-main/D68FC0096BE03F5743CB0AE9941F552B364FE131EAF292715EE
F0B63283C77E1.pygtex main.pyg)...executed.


(./_minted-main/D68FC0096BE03F5743CB0AE9941F552B364FE131EAF292715EEF0B63283C77E
1.pygtex)
runsystem(python -c "import sys; import os; import textwrap; from io import ope
n; f = open(os.path.expanduser(os.path.expandvars(\"src/Pell.cpp\")), \"r\", 
encoding=\"UTF8\"); t = f.readlines(); f.close(); f = open(os.path.expanduser(o
s.path.expandvars(\"main.pyg\")), \"w\", encoding=\"UTF8\"); fvstartnum = 0; fv
stopnum = 0; s = fvstartnum-1 if fvstartnum != 0 else 0; e = fvstopnum if fvsto
pnum != 0 else len(t); [f.write(textwrap.dedent(\"\".join(x))) for x in (t[0:s]
, t[s:e], t[e:]) if x]; f.close();")...executed.

runsystem(pygmentize -l cpp -f latex -P commandprefix=PYG -F tokenmerge -P math
escape=True -o _minted-main/2264F01F18D64C8CDB7C5E54A05DF961364FE131EAF292715EE
F0B63283C77E1.pygtex main.pyg)...executed.


(./_minted-main/2264F01F18D64C8CDB7C5E54A05DF961364FE131EAF292715EEF0B63283C77E
1.pygtex [14])
runsystem(python -c "import sys; import os; import textwrap; from io import ope
n; f = open(os.path.expanduser(os.path.expandvars(\"improve/FFT.cpp\")), \"r\",
 encoding=\"UTF8\"); t = f.readlines(); f.close(); f = open(os.path.expanduser(
os.path.expandvars(\"main.pyg\")), \"w\", encoding=\"UTF8\"); fvstartnum = 0; f
vstopnum = 0; s = fvstartnum-1 if fvstartnum != 0 else 0; e = fvstopnum if fvst
opnum != 0 else len(t); [f.write(textwrap.dedent(\"\".join(x))) for x in (t[0:s
], t[s:e], t[e:]) if x]; f.close();")...executed.

runsystem(pygmentize -l cpp -f latex -P commandprefix=PYG -F tokenmerge -P math
escape=True -o _minted-main/82E33C641F26E242918E6FCDEDA4F53C364FE131EAF292715EE
F0B63283C77E1.pygtex main.pyg)...executed.


(./_minted-main/82E33C641F26E242918E6FCDEDA4F53C364FE131EAF292715EEF0B63283C77E
1.pygtex)
runsystem(python -c "import sys; import os; import textwrap; from io import ope
n; f = open(os.path.expanduser(os.path.expandvars(\"src/.cpp\")), \"r\", en
coding=\"UTF8\"); t = f.readlines(); f.close(); f = open(os.path.expanduser(os.
path.expandvars(\"main.pyg\")), \"w\", encoding=\"UTF8\"); fvstartnum = 0; fvst
opnum = 0; s = fvstartnum-1 if fvstartnum != 0 else 0; e = fvstopnum if fvstopn
um != 0 else len(t); [f.write(textwrap.dedent(\"\".join(x))) for x in (t[0:s], 
t[s:e], t[e:]) if x]; f.close();")...executed.

runsystem(pygmentize -l cpp -f latex -P commandprefix=PYG -F tokenmerge -P math
escape=True -o _minted-main/E624FBD400FFEDF69B20180A9DD9A2C8364FE131EAF292715EE
F0B63283C77E1.pygtex main.pyg)...executed.


(./_minted-main/E624FBD400FFEDF69B20180A9DD9A2C8364FE131EAF292715EEF0B63283C77E
1.pygtex [15])
runsystem(python -c "import sys; import os; import textwrap; from io import ope
n; f = open(os.path.expanduser(os.path.expandvars(\"improve/SchreierSims.cpp\")
), \"r\", encoding=\"UTF8\"); t = f.readlines(); f.close(); f = open(os.path.ex
panduser(os.path.expandvars(\"main.pyg\")), \"w\", encoding=\"UTF8\"); fvstartn
um = 0; fvstopnum = 0; s = fvstartnum-1 if fvstartnum != 0 else 0; e = fvstopnu
m if fvstopnum != 0 else len(t); [f.write(textwrap.dedent(\"\".join(x))) for x 
in (t[0:s], t[s:e], t[e:]) if x]; f.close();")...executed.

runsystem(pygmentize -l cpp -f latex -P commandprefix=PYG -F tokenmerge -P math
escape=True -o _minted-main/64DB515C5404CA141B5D0136D1474DA3364FE131EAF292715EE
F0B63283C77E1.pygtex main.pyg)...executed.


(./_minted-main/64DB515C5404CA141B5D0136D1474DA3364FE131EAF292715EEF0B63283C77E
1.pygtex)
runsystem(python -c "import sys; import os; import textwrap; from io import ope
n; f = open(os.path.expanduser(os.path.expandvars(\"src/(nlogn).cpp\")), \"
r\", encoding=\"UTF8\"); t = f.readlines(); f.close(); f = open(os.path.expandu
ser(os.path.expandvars(\"main.pyg\")), \"w\", encoding=\"UTF8\"); fvstartnum = 
0; fvstopnum = 0; s = fvstartnum-1 if fvstartnum != 0 else 0; e = fvstopnum if 
fvstopnum != 0 else len(t); [f.write(textwrap.dedent(\"\".join(x))) for x in (t
[0:s], t[s:e], t[e:]) if x]; f.close();")...executed.

runsystem(pygmentize -l cpp -f latex -P commandprefix=PYG -F tokenmerge -P math
escape=True -o _minted-main/F8FD29D755047DCE4F3FEC7956D0BF71364FE131EAF292715EE
F0B63283C77E1.pygtex main.pyg)...executed.


(./_minted-main/F8FD29D755047DCE4F3FEC7956D0BF71364FE131EAF292715EEF0B63283C77E
1.pygtex [16])
runsystem(python -c "import sys; import os; import textwrap; from io import ope
n; f = open(os.path.expanduser(os.path.expandvars(\"src/.cpp\")), \"r\", e
ncoding=\"UTF8\"); t = f.readlines(); f.close(); f = open(os.path.expanduser(os
.path.expandvars(\"main.pyg\")), \"w\", encoding=\"UTF8\"); fvstartnum = 0; fvs
topnum = 0; s = fvstartnum-1 if fvstartnum != 0 else 0; e = fvstopnum if fvstop
num != 0 else len(t); [f.write(textwrap.dedent(\"\".join(x))) for x in (t[0:s],
 t[s:e], t[e:]) if x]; f.close();")...executed.

runsystem(pygmentize -l cpp -f latex -P commandprefix=PYG -F tokenmerge -P math
escape=True -o _minted-main/D668465382B3728684585D19654DB825364FE131EAF292715EE
F0B63283C77E1.pygtex main.pyg)...executed.


(./_minted-main/D668465382B3728684585D19654DB825364FE131EAF292715EEF0B63283C77E
1.pygtex)
runsystem(python -c "import sys; import os; import textwrap; from io import ope
n; f = open(os.path.expanduser(os.path.expandvars(\"merge/Manacher.cpp\")), \"r
\", encoding=\"UTF8\"); t = f.readlines(); f.close(); f = open(os.path.expandus
er(os.path.expandvars(\"main.pyg\")), \"w\", encoding=\"UTF8\"); fvstartnum = 0
; fvstopnum = 0; s = fvstartnum-1 if fvstartnum != 0 else 0; e = fvstopnum if f
vstopnum != 0 else len(t); [f.write(textwrap.dedent(\"\".join(x))) for x in (t[
0:s], t[s:e], t[e:]) if x]; f.close();")...executed.

runsystem(pygmentize -l cpp -f latex -P commandprefix=PYG -F tokenmerge -P math
escape=True -o _minted-main/82EA771E221ECDE9CF4B89B9F6816F62364FE131EAF292715EE
F0B63283C77E1.pygtex main.pyg)...executed.


(./_minted-main/82EA771E221ECDE9CF4B89B9F6816F62364FE131EAF292715EEF0B63283C77E
1.pygtex [17])
runsystem(python -c "import sys; import os; import textwrap; from io import ope
n; f = open(os.path.expanduser(os.path.expandvars(\"src/.cpp\")), \"r\",
 encoding=\"UTF8\"); t = f.readlines(); f.close(); f = open(os.path.expanduser(
os.path.expandvars(\"main.pyg\")), \"w\", encoding=\"UTF8\"); fvstartnum = 0; f
vstopnum = 0; s = fvstartnum-1 if fvstartnum != 0 else 0; e = fvstopnum if fvst
opnum != 0 else len(t); [f.write(textwrap.dedent(\"\".join(x))) for x in (t[0:s
], t[s:e], t[e:]) if x]; f.close();")...executed.

runsystem(pygmentize -l cpp -f latex -P commandprefix=PYG -F tokenmerge -P math
escape=True -o _minted-main/83866E166C1B6B087EA13D66CABD3D79364FE131EAF292715EE
F0B63283C77E1.pygtex main.pyg)...executed.


(./_minted-main/83866E166C1B6B087EA13D66CABD3D79364FE131EAF292715EEF0B63283C77E
1.pygtex)
runsystem(python -c "import sys; import os; import textwrap; from io import ope
n; f = open(os.path.expanduser(os.path.expandvars(\"improve/SuffixTree2.cpp\"))
, \"r\", encoding=\"UTF8\"); t = f.readlines(); f.close(); f = open(os.path.exp
anduser(os.path.expandvars(\"main.pyg\")), \"w\", encoding=\"UTF8\"); fvstartnu
m = 0; fvstopnum = 0; s = fvstartnum-1 if fvstartnum != 0 else 0; e = fvstopnum
 if fvstopnum != 0 else len(t); [f.write(textwrap.dedent(\"\".join(x))) for x i
n (t[0:s], t[s:e], t[e:]) if x]; f.close();")...executed.

runsystem(pygmentize -l cpp -f latex -P commandprefix=PYG -F tokenmerge -P math
escape=True -o _minted-main/BCA25C34EA76A4B0C658C6341D0F0F4C364FE131EAF292715EE
F0B63283C77E1.pygtex main.pyg)...executed.


(./_minted-main/BCA25C34EA76A4B0C658C6341D0F0F4C364FE131EAF292715EEF0B63283C77E
1.pygtex [18])
runsystem(python -c "import sys; import os; import textwrap; from io import ope
n; f = open(os.path.expanduser(os.path.expandvars(\"src/Splay.cpp\")), \"r\", e
ncoding=\"UTF8\"); t = f.readlines(); f.close(); f = open(os.path.expanduser(os
.path.expandvars(\"main.pyg\")), \"w\", encoding=\"UTF8\"); fvstartnum = 0; fvs
topnum = 0; s = fvstartnum-1 if fvstartnum != 0 else 0; e = fvstopnum if fvstop
num != 0 else len(t); [f.write(textwrap.dedent(\"\".join(x))) for x in (t[0:s],
 t[s:e], t[e:]) if x]; f.close();")...executed.

runsystem(pygmentize -l cpp -f latex -P commandprefix=PYG -F tokenmerge -P math
escape=True -o _minted-main/06225A269AD5D0867A6873DDC7ABEFFD364FE131EAF292715EE
F0B63283C77E1.pygtex main.pyg)...executed.


(./_minted-main/06225A269AD5D0867A6873DDC7ABEFFD364FE131EAF292715EEF0B63283C77E
1.pygtex [19])
runsystem(python -c "import sys; import os; import textwrap; from io import ope
n; f = open(os.path.expanduser(os.path.expandvars(\"improve/LCT.cpp\")), \"r\",
 encoding=\"UTF8\"); t = f.readlines(); f.close(); f = open(os.path.expanduser(
os.path.expandvars(\"main.pyg\")), \"w\", encoding=\"UTF8\"); fvstartnum = 0; f
vstopnum = 0; s = fvstartnum-1 if fvstartnum != 0 else 0; e = fvstopnum if fvst
opnum != 0 else len(t); [f.write(textwrap.dedent(\"\".join(x))) for x in (t[0:s
], t[s:e], t[e:]) if x]; f.close();")...executed.

runsystem(pygmentize -l cpp -f latex -P commandprefix=PYG -F tokenmerge -P math
escape=True -o _minted-main/B7E2DCAC30517BDDA3BCAF43D9763B3F364FE131EAF292715EE
F0B63283C77E1.pygtex main.pyg)...executed.


(./_minted-main/B7E2DCAC30517BDDA3BCAF43D9763B3F364FE131EAF292715EEF0B63283C77E
1.pygtex)
runsystem(python -c "import sys; import os; import textwrap; from io import ope
n; f = open(os.path.expanduser(os.path.expandvars(\"src/.cpp\")), \"r\", e
ncoding=\"UTF8\"); t = f.readlines(); f.close(); f = open(os.path.expanduser(os
.path.expandvars(\"main.pyg\")), \"w\", encoding=\"UTF8\"); fvstartnum = 0; fvs
topnum = 0; s = fvstartnum-1 if fvstartnum != 0 else 0; e = fvstopnum if fvstop
num != 0 else len(t); [f.write(textwrap.dedent(\"\".join(x))) for x in (t[0:s],
 t[s:e], t[e:]) if x]; f.close();")...executed.

runsystem(pygmentize -l cpp -f latex -P commandprefix=PYG -F tokenmerge -P math
escape=True -o _minted-main/AAA9EB04D1762DE560D53584B14E014E364FE131EAF292715EE
F0B63283C77E1.pygtex main.pyg)...executed.


(./_minted-main/AAA9EB04D1762DE560D53584B14E014E364FE131EAF292715EEF0B63283C77E
1.pygtex [20])
runsystem(python -c "import sys; import os; import textwrap; from io import ope
n; f = open(os.path.expanduser(os.path.expandvars(\"src/DancingLinks.cpp\")), \
"r\", encoding=\"UTF8\"); t = f.readlines(); f.close(); f = open(os.path.expand
user(os.path.expandvars(\"main.pyg\")), \"w\", encoding=\"UTF8\"); fvstartnum =
 0; fvstopnum = 0; s = fvstartnum-1 if fvstartnum != 0 else 0; e = fvstopnum if
 fvstopnum != 0 else len(t); [f.write(textwrap.dedent(\"\".join(x))) for x in (
t[0:s], t[s:e], t[e:]) if x]; f.close();")...executed.

runsystem(pygmentize -l cpp -f latex -P commandprefix=PYG -F tokenmerge -P math
escape=True -o _minted-main/43553621BBCF59419B3D06CE89102A67364FE131EAF292715EE
F0B63283C77E1.pygtex main.pyg)...executed.


(./_minted-main/43553621BBCF59419B3D06CE89102A67364FE131EAF292715EEF0B63283C77E
1.pygtex)
runsystem(python -c "import sys; import os; import textwrap; from io import ope
n; f = open(os.path.expanduser(os.path.expandvars(\"improve/.cpp\")), \"r\"
, encoding=\"UTF8\"); t = f.readlines(); f.close(); f = open(os.path.expanduser
(os.path.expandvars(\"main.pyg\")), \"w\", encoding=\"UTF8\"); fvstartnum = 0; 
fvstopnum = 0; s = fvstartnum-1 if fvstartnum != 0 else 0; e = fvstopnum if fvs
topnum != 0 else len(t); [f.write(textwrap.dedent(\"\".join(x))) for x in (t[0:
s], t[s:e], t[e:]) if x]; f.close();")...executed.

runsystem(pygmentize -l cpp -f latex -P commandprefix=PYG -F tokenmerge -P math
escape=True -o _minted-main/2ECFCCBDEB537BFE904AFA52148004AC364FE131EAF292715EE
F0B63283C77E1.pygtex main.pyg)...executed.


(./_minted-main/2ECFCCBDEB537BFE904AFA52148004AC364FE131EAF292715EEF0B63283C77E
1.pygtex)
runsystem(python -c "import sys; import os; import textwrap; from io import ope
n; f = open(os.path.expanduser(os.path.expandvars(\"improve/CycleLongest.cpp\")
), \"r\", encoding=\"UTF8\"); t = f.readlines(); f.close(); f = open(os.path.ex
panduser(os.path.expandvars(\"main.pyg\")), \"w\", encoding=\"UTF8\"); fvstartn
um = 0; fvstopnum = 0; s = fvstartnum-1 if fvstartnum != 0 else 0; e = fvstopnu
m if fvstopnum != 0 else len(t); [f.write(textwrap.dedent(\"\".join(x))) for x 
in (t[0:s], t[s:e], t[e:]) if x]; f.close();")...executed.

runsystem(pygmentize -l cpp -f latex -P commandprefix=PYG -F tokenmerge -P math
escape=True -o _minted-main/388EA31480124D963A8755A4CCAD7BEA364FE131EAF292715EE
F0B63283C77E1.pygtex main.pyg)...executed.


(./_minted-main/388EA31480124D963A8755A4CCAD7BEA364FE131EAF292715EEF0B63283C77E
1.pygtex [21])
runsystem(python -c "import sys; import os; import textwrap; from io import ope
n; f = open(os.path.expanduser(os.path.expandvars(\"src/.cpp\")), \"r
\", encoding=\"UTF8\"); t = f.readlines(); f.close(); f = open(os.path.expandus
er(os.path.expandvars(\"main.pyg\")), \"w\", encoding=\"UTF8\"); fvstartnum = 0
; fvstopnum = 0; s = fvstartnum-1 if fvstartnum != 0 else 0; e = fvstopnum if f
vstopnum != 0 else len(t); [f.write(textwrap.dedent(\"\".join(x))) for x in (t[
0:s], t[s:e], t[e:]) if x]; f.close();")...executed.

runsystem(pygmentize -l cpp -f latex -P commandprefix=PYG -F tokenmerge -P math
escape=True -o _minted-main/937FA109BE12B636AB13D82AE937E752364FE131EAF292715EE
F0B63283C77E1.pygtex main.pyg)...executed.


(./_minted-main/937FA109BE12B636AB13D82AE937E752364FE131EAF292715EEF0B63283C77E
1.pygtex)
runsystem(python -c "import sys; import os; import textwrap; from io import ope
n; f = open(os.path.expanduser(os.path.expandvars(\"src/.cpp\")), \"
r\", encoding=\"UTF8\"); t = f.readlines(); f.close(); f = open(os.path.expandu
ser(os.path.expandvars(\"main.pyg\")), \"w\", encoding=\"UTF8\"); fvstartnum = 
0; fvstopnum = 0; s = fvstartnum-1 if fvstartnum != 0 else 0; e = fvstopnum if 
fvstopnum != 0 else len(t); [f.write(textwrap.dedent(\"\".join(x))) for x in (t
[0:s], t[s:e], t[e:]) if x]; f.close();")...executed.

runsystem(pygmentize -l cpp -f latex -P commandprefix=PYG -F tokenmerge -P math
escape=True -o _minted-main/C95279C10263AC29838E0A0D7E1EC3D5364FE131EAF292715EE
F0B63283C77E1.pygtex main.pyg)...executed.


(./_minted-main/C95279C10263AC29838E0A0D7E1EC3D5364FE131EAF292715EEF0B63283C77E
1.pygtex) (./src/.tex) (./src/.tex
Underfull \hbox (badness 10000) in paragraph at lines 12--14

 []

[22]
Underfull \hbox (badness 10000) in paragraph at lines 20--21

 []


Underfull \hbox (badness 10000) in paragraph at lines 26--28

 []

)
runsystem(python -c "import sys; import os; import textwrap; from io import ope
n; f = open(os.path.expanduser(os.path.expandvars(\"src/Main.java\")), \"r\", e
ncoding=\"UTF8\"); t = f.readlines(); f.close(); f = open(os.path.expanduser(os
.path.expandvars(\"main.pyg\")), \"w\", encoding=\"UTF8\"); fvstartnum = 0; fvs
topnum = 0; s = fvstartnum-1 if fvstartnum != 0 else 0; e = fvstopnum if fvstop
num != 0 else len(t); [f.write(textwrap.dedent(\"\".join(x))) for x in (t[0:s],
 t[s:e], t[e:]) if x]; f.close();")...executed.

runsystem(pygmentize -l java -f latex -P commandprefix=PYG -F tokenmerge -P mat
hescape=True -o _minted-main/233721539E2BA934F6F9175EF3A2E9357555BD1B672EA4FE3E
B320D14CDBAF37.pygtex main.pyg)...executed.


(./_minted-main/233721539E2BA934F6F9175EF3A2E9357555BD1B672EA4FE3EB320D14CDBAF3
7.pygtex)
runsystem(python -c "import sys; import os; import textwrap; from io import ope
n; f = open(os.path.expanduser(os.path.expandvars(\"src/vimrc.vim\")), \"r\", e
ncoding=\"UTF8\"); t = f.readlines(); f.close(); f = open(os.path.expanduser(os
.path.expandvars(\"main.pyg\")), \"w\", encoding=\"UTF8\"); fvstartnum = 0; fvs
topnum = 0; s = fvstartnum-1 if fvstartnum != 0 else 0; e = fvstopnum if fvstop
num != 0 else len(t); [f.write(textwrap.dedent(\"\".join(x))) for x in (t[0:s],
 t[s:e], t[e:]) if x]; f.close();")...executed.

runsystem(pygmentize -l text -f latex -P commandprefix=PYG -F tokenmerge -P mat
hescape=True -o _minted-main/514C3D8DE2D93175D69F8C38B0B714B7F9147D1F59338CC2CA
CAA47F156C386C.pygtex main.pyg)...executed.


(./_minted-main/514C3D8DE2D93175D69F8C38B0B714B7F9147D1F59338CC2CACAA47F156C386
C.pygtex)
Overfull \vbox (0.06813pt too high) has occurred while \output is active []


[23] (./improve/Addon.tex) [24] (./main.aux)

LaTeX Font Warning: Some font shapes were not available, defaults substituted.

runsystem(rm main.pyg)...executed.

 ) 
Here is how much of TeX's memory you used:
 18034 strings out of 493005
 371807 string characters out of 6134596
 594964 words of memory out of 5000000
 21584 multiletter control sequences out of 15000+600000
 10160 words of font info for 62 fonts, out of 8000000 for 9000
 1348 hyphenation exceptions out of 8191
 38i,15n,67p,10403b,813s stack positions out of 5000i,500n,10000p,200000b,80000s

Output written on main.pdf (25 pages).
