This is pdfTeX, Version 3.14159265-2.6-1.40.16 (TeX Live 2015/Debian) (preloaded format=pdflatex 2017.8.23)  24 SEP 2017 11:13
entering extended mode
 restricted \write18 enabled.
 %&-line parsing enabled.
**string.tex -shell-escape
(./string.tex
LaTeX2e <2016/02/01>
Babel <3.9q> and hyphenation patterns for 81 language(s) loaded.
! Undefined control sequence.
l.1 \chapter
            {Â≠óÁ¨¶‰∏≤}
The control sequence at the end of the top line
of your error message was never \def'ed. If you have
misspelled it (e.g., `\hobx'), type `I' and the correct
spelling (e.g., `I\hbox'). Otherwise just continue,
and I'll forget about whatever was undefined.


! LaTeX Error: Missing \begin{document}.

See the LaTeX manual or LaTeX Companion for explanation.
Type  H <return>  for immediate help.
 ...                                              
                                                  
l.1 \chapter{Â
              ≠óÁ¨¶‰∏≤}
You're in trouble here.  Try typing  <return>  to proceed.
If that doesn't work, type  X <return>  to quit.

Missing character: There is no Â in font nullfont!
Missing character: There is no ≠ in font nullfont!
Missing character: There is no ó in font nullfont!
Missing character: There is no Á in font nullfont!
Missing character: There is no ¨ in font nullfont!
Missing character: There is no ¶ in font nullfont!
Missing character: There is no ‰ in font nullfont!
Missing character: There is no ∏ in font nullfont!
Missing character: There is no ≤ in font nullfont!
! Undefined control sequence.
l.2 \section
            {Manacher}
The control sequence at the end of the top line
of your error message was never \def'ed. If you have
misspelled it (e.g., `\hobx'), type `I' and the correct
spelling (e.g., `I\hbox'). Otherwise just continue,
and I'll forget about whatever was undefined.

Missing character: There is no M in font nullfont!
Missing character: There is no a in font nullfont!
Missing character: There is no n in font nullfont!
Missing character: There is no a in font nullfont!
Missing character: There is no c in font nullfont!
Missing character: There is no h in font nullfont!
Missing character: There is no e in font nullfont!
Missing character: There is no r in font nullfont!
! Undefined control sequence.
l.3 \inputminted
                {cpp}{\source/string/manacher.cpp}
The control sequence at the end of the top line
of your error message was never \def'ed. If you have
misspelled it (e.g., `\hobx'), type `I' and the correct
spelling (e.g., `I\hbox'). Otherwise just continue,
and I'll forget about whatever was undefined.

Missing character: There is no c in font nullfont!
Missing character: There is no p in font nullfont!
Missing character: There is no p in font nullfont!
! Undefined control sequence.
l.3 \inputminted{cpp}{\source
                             /string/manacher.cpp}
The control sequence at the end of the top line
of your error message was never \def'ed. If you have
misspelled it (e.g., `\hobx'), type `I' and the correct
spelling (e.g., `I\hbox'). Otherwise just continue,
and I'll forget about whatever was undefined.

Missing character: There is no / in font nullfont!
Missing character: There is no s in font nullfont!
Missing character: There is no t in font nullfont!
Missing character: There is no r in font nullfont!
Missing character: There is no i in font nullfont!
Missing character: There is no n in font nullfont!
Missing character: There is no g in font nullfont!
Missing character: There is no / in font nullfont!
Missing character: There is no m in font nullfont!
Missing character: There is no a in font nullfont!
Missing character: There is no n in font nullfont!
Missing character: There is no a in font nullfont!
Missing character: There is no c in font nullfont!
Missing character: There is no h in font nullfont!
Missing character: There is no e in font nullfont!
Missing character: There is no r in font nullfont!
Missing character: There is no . in font nullfont!
Missing character: There is no c in font nullfont!
Missing character: There is no p in font nullfont!
Missing character: There is no p in font nullfont!
! Undefined control sequence.
l.4 \section
            {Êï∞ÁªÑÁâàÂêéÁºÄËá™Âä®Êú∫}
The control sequence at the end of the top line
of your error message was never \def'ed. If you have
misspelled it (e.g., `\hobx'), type `I' and the correct
spelling (e.g., `I\hbox'). Otherwise just continue,
and I'll forget about whatever was undefined.

Missing character: There is no Ê in font nullfont!
Missing character: There is no ï in font nullfont!
Missing character: There is no ∞ in font nullfont!
Missing character: There is no Á in font nullfont!
Missing character: There is no ª in font nullfont!
Missing character: There is no Ñ in font nullfont!
Missing character: There is no Á in font nullfont!
Missing character: There is no â in font nullfont!
Missing character: There is no à in font nullfont!
Missing character: There is no Â in font nullfont!
Missing character: There is no ê in font nullfont!
Missing character: There is no é in font nullfont!
Missing character: There is no Á in font nullfont!
Missing character: There is no º in font nullfont!
Missing character: There is no Ä in font nullfont!
Missing character: There is no Ë in font nullfont!
Missing character: There is no á in font nullfont!
Missing character: There is no ™ in font nullfont!
Missing character: There is no Â in font nullfont!
Missing character: There is no ä in font nullfont!
Missing character: There is no ® in font nullfont!
Missing character: There is no Ê in font nullfont!
Missing character: There is no ú in font nullfont!
Missing character: There is no ∫ in font nullfont!
! Undefined control sequence.
l.5 \inputminted
                {cpp}{\source/string/SuffixAutomaton_array.cpp}
The control sequence at the end of the top line
of your error message was never \def'ed. If you have
misspelled it (e.g., `\hobx'), type `I' and the correct
spelling (e.g., `I\hbox'). Otherwise just continue,
and I'll forget about whatever was undefined.

Missing character: There is no c in font nullfont!
Missing character: There is no p in font nullfont!
Missing character: There is no p in font nullfont!
! Undefined control sequence.
l.5 \inputminted{cpp}{\source
                             /string/SuffixAutomaton_array.cpp}
The control sequence at the end of the top line
of your error message was never \def'ed. If you have
misspelled it (e.g., `\hobx'), type `I' and the correct
spelling (e.g., `I\hbox'). Otherwise just continue,
and I'll forget about whatever was undefined.

Missing character: There is no / in font nullfont!
Missing character: There is no s in font nullfont!
Missing character: There is no t in font nullfont!
Missing character: There is no r in font nullfont!
Missing character: There is no i in font nullfont!
Missing character: There is no n in font nullfont!
Missing character: There is no g in font nullfont!
Missing character: There is no / in font nullfont!
Missing character: There is no S in font nullfont!
Missing character: There is no u in font nullfont!
Missing character: There is no f in font nullfont!
Missing character: There is no f in font nullfont!
Missing character: There is no i in font nullfont!
Missing character: There is no x in font nullfont!
Missing character: There is no A in font nullfont!
Missing character: There is no u in font nullfont!
Missing character: There is no t in font nullfont!
Missing character: There is no o in font nullfont!
Missing character: There is no m in font nullfont!
Missing character: There is no a in font nullfont!
Missing character: There is no t in font nullfont!
Missing character: There is no o in font nullfont!
Missing character: There is no n in font nullfont!
! Missing $ inserted.
<inserted text> 
                $
l.5 ...minted{cpp}{\source/string/SuffixAutomaton_
                                                  array.cpp}
I've inserted a begin-math/end-math symbol since I think
you left one out. Proceed, with fingers crossed.

LaTeX Font Info:    External font `cmex10' loaded for size
(Font)              <7> on input line 5.
LaTeX Font Info:    External font `cmex10' loaded for size
(Font)              <5> on input line 5.
! Extra }, or forgotten $.
l.5 ...}{\source/string/SuffixAutomaton_array.cpp}
                                                  
I've deleted a group-closing symbol because it seems to be
spurious, as in `$x}$'. But perhaps the } is legitimate and
you forgot something else, as in `\hbox{$x}'. In such cases
the way to recover is to insert both the forgotten and the
deleted material, e.g., by typing `I$}'.

! Undefined control sequence.
l.6 \section
            {ÊåáÈíàÁâàÂêéÁºÄËá™Âä®Êú∫}
The control sequence at the end of the top line
of your error message was never \def'ed. If you have
misspelled it (e.g., `\hobx'), type `I' and the correct
spelling (e.g., `I\hbox'). Otherwise just continue,
and I'll forget about whatever was undefined.

! Undefined control sequence.
l.7 \inputminted
                {cpp}{\source/string/SuffixAutomaton_pointer.cpp}
The control sequence at the end of the top line
of your error message was never \def'ed. If you have
misspelled it (e.g., `\hobx'), type `I' and the correct
spelling (e.g., `I\hbox'). Otherwise just continue,
and I'll forget about whatever was undefined.

! Undefined control sequence.
l.7 \inputminted{cpp}{\source
                             /string/SuffixAutomaton_pointer.cpp}
The control sequence at the end of the top line
of your error message was never \def'ed. If you have
misspelled it (e.g., `\hobx'), type `I' and the correct
spelling (e.g., `I\hbox'). Otherwise just continue,
and I'll forget about whatever was undefined.

! Undefined control sequence.
l.8 \section
            {Âπø‰πâÂêéÁºÄËá™Âä®Êú∫}
The control sequence at the end of the top line
of your error message was never \def'ed. If you have
misspelled it (e.g., `\hobx'), type `I' and the correct
spelling (e.g., `I\hbox'). Otherwise just continue,
and I'll forget about whatever was undefined.

! Undefined control sequence.
l.9 \inputminted
                {cpp}{\source/string/EX_SuffixAutomaton_pointer.cpp}
The control sequence at the end of the top line
of your error message was never \def'ed. If you have
misspelled it (e.g., `\hobx'), type `I' and the correct
spelling (e.g., `I\hbox'). Otherwise just continue,
and I'll forget about whatever was undefined.

! Undefined control sequence.
l.9 \inputminted{cpp}{\source
                             /string/EX_SuffixAutomaton_pointer.cpp}
The control sequence at the end of the top line
of your error message was never \def'ed. If you have
misspelled it (e.g., `\hobx'), type `I' and the correct
spelling (e.g., `I\hbox'). Otherwise just continue,
and I'll forget about whatever was undefined.

)
! Emergency stop.
<*> string.tex -shell-escape
                            
*** (job aborted, no legal \end found)

 
Here is how much of TeX's memory you used:
 6 strings out of 493029
 152 string characters out of 6136234
 53068 words of memory out of 5000000
 3643 multiletter control sequences out of 15000+600000
 3640 words of font info for 14 fonts, out of 8000000 for 9000
 1141 hyphenation exceptions out of 8191
 18i,2n,12p,102b,58s stack positions out of 5000i,500n,10000p,200000b,80000s
!  ==> Fatal error occurred, no output PDF file produced!
